[ 2016-09-10T01:35:41+08:00 ] 0.0.0.0 /?XDEBUG_SESSION_START=15447
INFO: [ app_begin ] --START--
INFO: ReadHtmlCache Behavior ::run [ RunTime:0.002000s ]
INFO: [ app_begin ] --END-- [ RunTime:0.002000s ]
SQL: SHOW COLUMNS FROM `edu_clicknum` [ RunTime:0.001000s ]
SQL: SELECT * FROM `edu_clicknum` WHERE ( `id` = 1 ) LIMIT 1   [ RunTime:0.001001s ]
SQL: UPDATE `edu_clicknum` SET `clicknum`=786,`clicktime`=1473442540 WHERE ( `id` = 1 ) [ RunTime:0.001000s ]
SQL: SHOW COLUMNS FROM `edu_notice` [ RunTime:0.001000s ]
SQL: SELECT * FROM `edu_notice` ORDER BY addtime desc LIMIT 6   [ RunTime:0.001000s ]
SQL: SHOW COLUMNS FROM `edu_library` [ RunTime:0.001000s ]
SQL: SELECT * FROM `edu_library` ORDER BY addtime desc LIMIT 3   [ RunTime:0.001000s ]
NOTIC: [8] Undefined index: _type D:\Projects\ERMS\ThinkPHP\Lib\Core\Model.class.php 第 583 行.
SQL: SELECT `username` FROM `edu_users` WHERE ( `id` = '0' ) LIMIT 1   [ RunTime:0.001000s ]
NOTIC: [8] Undefined index: _type D:\Projects\ERMS\ThinkPHP\Lib\Core\Model.class.php 第 583 行.
SQL: SELECT `username` FROM `edu_users` WHERE ( `id` = '95' ) LIMIT 1   [ RunTime:0.001000s ]
NOTIC: [8] Undefined index: _type D:\Projects\ERMS\ThinkPHP\Lib\Core\Model.class.php 第 583 行.
SQL: SELECT `username` FROM `edu_users` WHERE ( `id` = '95' ) LIMIT 1   [ RunTime:0.001000s ]
SQL: SELECT * FROM `edu_library` ORDER BY dwloadnum desc LIMIT 10   [ RunTime:0.001000s ]
NOTIC: [8] Undefined index: _type D:\Projects\ERMS\ThinkPHP\Lib\Core\Model.class.php 第 583 行.
SQL: SELECT `username` FROM `edu_users` WHERE ( `id` = '70' ) LIMIT 1   [ RunTime:0.001000s ]
NOTIC: [8] Undefined index: _type D:\Projects\ERMS\ThinkPHP\Lib\Core\Model.class.php 第 583 行.
SQL: SELECT `username` FROM `edu_users` WHERE ( `id` = '67' ) LIMIT 1   [ RunTime:0.001000s ]
NOTIC: [8] Undefined index: _type D:\Projects\ERMS\ThinkPHP\Lib\Core\Model.class.php 第 583 行.
SQL: SELECT `username` FROM `edu_users` WHERE ( `id` = '64' ) LIMIT 1   [ RunTime:0.001000s ]
NOTIC: [8] Undefined index: _type D:\Projects\ERMS\ThinkPHP\Lib\Core\Model.class.php 第 583 行.
SQL: SELECT `username` FROM `edu_users` WHERE ( `id` = '64' ) LIMIT 1   [ RunTime:0.001000s ]
NOTIC: [8] Undefined index: _type D:\Projects\ERMS\ThinkPHP\Lib\Core\Model.class.php 第 583 行.
SQL: SELECT `username` FROM `edu_users` WHERE ( `id` = '63' ) LIMIT 1   [ RunTime:0.000000s ]
NOTIC: [8] Undefined index: _type D:\Projects\ERMS\ThinkPHP\Lib\Core\Model.class.php 第 583 行.
SQL: SELECT `username` FROM `edu_users` WHERE ( `id` = '61' ) LIMIT 1   [ RunTime:0.001000s ]
NOTIC: [8] Undefined index: _type D:\Projects\ERMS\ThinkPHP\Lib\Core\Model.class.php 第 583 行.
SQL: SELECT `username` FROM `edu_users` WHERE ( `id` = '61' ) LIMIT 1   [ RunTime:0.000000s ]
NOTIC: [8] Undefined index: _type D:\Projects\ERMS\ThinkPHP\Lib\Core\Model.class.php 第 583 行.
SQL: SELECT `username` FROM `edu_users` WHERE ( `id` = '68' ) LIMIT 1   [ RunTime:0.001000s ]
NOTIC: [8] Undefined index: _type D:\Projects\ERMS\ThinkPHP\Lib\Core\Model.class.php 第 583 行.
SQL: SELECT `username` FROM `edu_users` WHERE ( `id` = '70' ) LIMIT 1   [ RunTime:0.000000s ]
NOTIC: [8] Undefined index: _type D:\Projects\ERMS\ThinkPHP\Lib\Core\Model.class.php 第 583 行.
SQL: SELECT `username` FROM `edu_users` WHERE ( `id` = '95' ) LIMIT 1   [ RunTime:0.001000s ]
SQL: select uid,count(*) num from edu_library group by uid order by num desc limit 8 [ RunTime:0.000000s ]
SQL: SHOW COLUMNS FROM `edu_users` [ RunTime:0.002001s ]
SQL: SELECT `username`,`picture` FROM `edu_users` WHERE ( `id` = 64 ) LIMIT 1   [ RunTime:0.001000s ]
SQL: SHOW COLUMNS FROM `edu_friend` [ RunTime:0.002000s ]
SQL: SELECT COUNT(*) AS tp_count FROM `edu_friend` WHERE ( uid=64 ) LIMIT 1   [ RunTime:0.001000s ]
SQL: SELECT `username`,`picture` FROM `edu_users` WHERE ( `id` = 61 ) LIMIT 1   [ RunTime:0.001000s ]
SQL: SELECT COUNT(*) AS tp_count FROM `edu_friend` WHERE ( uid=61 ) LIMIT 1   [ RunTime:0.001000s ]
SQL: SELECT `username`,`picture` FROM `edu_users` WHERE ( `id` = 70 ) LIMIT 1   [ RunTime:0.000000s ]
SQL: SELECT COUNT(*) AS tp_count FROM `edu_friend` WHERE ( uid=70 ) LIMIT 1   [ RunTime:0.000000s ]
SQL: SELECT `username`,`picture` FROM `edu_users` WHERE ( `id` = 95 ) LIMIT 1   [ RunTime:0.000000s ]
SQL: SELECT COUNT(*) AS tp_count FROM `edu_friend` WHERE ( uid=95 ) LIMIT 1   [ RunTime:0.001000s ]
SQL: SELECT `username`,`picture` FROM `edu_users` WHERE ( `id` = 67 ) LIMIT 1   [ RunTime:0.001000s ]
SQL: SELECT COUNT(*) AS tp_count FROM `edu_friend` WHERE ( uid=67 ) LIMIT 1   [ RunTime:0.000000s ]
SQL: SELECT `username`,`picture` FROM `edu_users` WHERE ( `id` = 63 ) LIMIT 1   [ RunTime:0.000000s ]
SQL: SELECT COUNT(*) AS tp_count FROM `edu_friend` WHERE ( uid=63 ) LIMIT 1   [ RunTime:0.000000s ]
SQL: SELECT `username`,`picture` FROM `edu_users` WHERE ( `id` = 68 ) LIMIT 1   [ RunTime:0.001000s ]
SQL: SELECT COUNT(*) AS tp_count FROM `edu_friend` WHERE ( uid=68 ) LIMIT 1   [ RunTime:0.000000s ]
SQL: SELECT `username`,`picture` FROM `edu_users` WHERE ( `id` = 0 ) LIMIT 1   [ RunTime:0.001000s ]
SQL: SELECT COUNT(*) AS tp_count FROM `edu_friend` WHERE ( uid=0 ) LIMIT 1   [ RunTime:0.001001s ]
SQL: SHOW COLUMNS FROM `edu_video` [ RunTime:0.001000s ]
SQL: SELECT * FROM `edu_video` ORDER BY addtime desc LIMIT 3   [ RunTime:0.000000s ]
SQL: SELECT * FROM `edu_video` WHERE ( status=2 ) ORDER BY favonum desc LIMIT 8   [ RunTime:0.001000s ]
SQL: SELECT * FROM `edu_video` WHERE ( status=2 ) ORDER BY clicknum desc LIMIT 10   [ RunTime:0.001000s ]
SQL: SHOW COLUMNS FROM `edu_cat` [ RunTime:0.001000s ]
SQL: SELECT `id`,`name` FROM `edu_cat` WHERE ( pid=0 ) LIMIT 6   [ RunTime:0.001000s ]
SQL: SELECT * FROM `edu_video` WHERE ( status=2 ) ORDER BY addtime desc LIMIT 5   [ RunTime:0.000000s ]
SQL: select nid,count(*) num from edu_zan where nid<>0 group by nid order by num desc limit 3 [ RunTime:0.002000s ]
SQL: SHOW COLUMNS FROM `edu_note` [ RunTime:0.001000s ]
ERR: 1146:Table 'erms.edu_note' doesn't exist
 [ SQL语句 ] : SHOW COLUMNS FROM `edu_note`
SQL: SELECT * FROM `edu_note` WHERE ( `id` = '23' ) LIMIT 1   [ RunTime:0.000000s ]
ERR: 1146:Table 'erms.edu_note' doesn't exist
 [ SQL语句 ] : SELECT * FROM `edu_note` WHERE ( `id` = '23' ) LIMIT 1  
SQL: SELECT `username` FROM `edu_users` LIMIT 1   [ RunTime:0.001000s ]
SQL: SHOW COLUMNS FROM `edu_video` [ RunTime:0.001000s ]
SQL: SELECT `videoname` FROM `edu_video` LIMIT 1   [ RunTime:0.000000s ]
SQL: SELECT * FROM `edu_note` WHERE ( `id` = '35' ) LIMIT 1   [ RunTime:0.001000s ]
ERR: 1146:Table 'erms.edu_note' doesn't exist
 [ SQL语句 ] : SELECT * FROM `edu_note` WHERE ( `id` = '35' ) LIMIT 1  
SQL: SELECT `username` FROM `edu_users` LIMIT 1   [ RunTime:0.000000s ]
SQL: SELECT `videoname` FROM `edu_video` LIMIT 1   [ RunTime:0.000000s ]
SQL: SELECT * FROM `edu_note` WHERE ( `id` = '38' ) LIMIT 1   [ RunTime:0.001000s ]
ERR: 1146:Table 'erms.edu_note' doesn't exist
 [ SQL语句 ] : SELECT * FROM `edu_note` WHERE ( `id` = '38' ) LIMIT 1  
SQL: SELECT `username` FROM `edu_users` LIMIT 1   [ RunTime:0.001000s ]
SQL: SELECT `videoname` FROM `edu_video` LIMIT 1   [ RunTime:0.000000s ]
SQL: select uid,count(*) num from edu_note group by uid order by num desc limit 8 [ RunTime:0.000000s ]
ERR: 1146:Table 'erms.edu_note' doesn't exist
 [ SQL语句 ] : select uid,count(*) num from edu_note group by uid order by num desc limit 8
NOTIC: [2] Invalid argument supplied for foreach() D:\Projects\ERMS\Home\Lib\Action\IndexAction.class.php 第 79 行.
SQL: SHOW COLUMNS FROM `edu_cat` [ RunTime:0.001000s ]
SQL: SELECT `id`,`name` FROM `edu_cat` WHERE ( pid!=0 )  [ RunTime:0.000000s ]
SQL: SHOW COLUMNS FROM `bbs_message` [ RunTime:0.001000s ]
SQL: SELECT `id`,`title` FROM `bbs_message` WHERE ( (`keyword` LIKE '26') OR (`keyword` LIKE '%,26') OR (`keyword` LIKE '26,%') OR (`keyword` LIKE '%,26,%') ) AND ( `status` = '1' ) ORDER BY addtime desc LIMIT 3   [ RunTime:0.000000s ]
SQL: SELECT COUNT(*) AS tp_count FROM `bbs_message` WHERE ( (`keyword` LIKE '26') OR (`keyword` LIKE '%,26') OR (`keyword` LIKE '26,%') OR (`keyword` LIKE '%,26,%') ) AND ( `status` = '1' ) LIMIT 1   [ RunTime:0.001000s ]
SQL: SELECT `id`,`title` FROM `bbs_message` WHERE ( (`keyword` LIKE '17') OR (`keyword` LIKE '%,17') OR (`keyword` LIKE '17,%') OR (`keyword` LIKE '%,17,%') ) AND ( `status` = '1' ) ORDER BY addtime desc LIMIT 3   [ RunTime:0.001000s ]
SQL: SELECT COUNT(*) AS tp_count FROM `bbs_message` WHERE ( (`keyword` LIKE '17') OR (`keyword` LIKE '%,17') OR (`keyword` LIKE '17,%') OR (`keyword` LIKE '%,17,%') ) AND ( `status` = '1' ) LIMIT 1   [ RunTime:0.000000s ]
SQL: SELECT `id`,`title` FROM `bbs_message` WHERE ( (`keyword` LIKE '30') OR (`keyword` LIKE '%,30') OR (`keyword` LIKE '30,%') OR (`keyword` LIKE '%,30,%') ) AND ( `status` = '1' ) ORDER BY addtime desc LIMIT 3   [ RunTime:0.002000s ]
SQL: SELECT COUNT(*) AS tp_count FROM `bbs_message` WHERE ( (`keyword` LIKE '30') OR (`keyword` LIKE '%,30') OR (`keyword` LIKE '30,%') OR (`keyword` LIKE '%,30,%') ) AND ( `status` = '1' ) LIMIT 1   [ RunTime:0.001001s ]
SQL: SELECT `id`,`title` FROM `bbs_message` WHERE ( (`keyword` LIKE '11') OR (`keyword` LIKE '%,11') OR (`keyword` LIKE '11,%') OR (`keyword` LIKE '%,11,%') ) AND ( `status` = '1' ) ORDER BY addtime desc LIMIT 3   [ RunTime:0.001000s ]
SQL: SELECT COUNT(*) AS tp_count FROM `bbs_message` WHERE ( (`keyword` LIKE '11') OR (`keyword` LIKE '%,11') OR (`keyword` LIKE '11,%') OR (`keyword` LIKE '%,11,%') ) AND ( `status` = '1' ) LIMIT 1   [ RunTime:0.001000s ]
SQL: SELECT `id`,`title` FROM `bbs_message` WHERE ( (`keyword` LIKE '13') OR (`keyword` LIKE '%,13') OR (`keyword` LIKE '13,%') OR (`keyword` LIKE '%,13,%') ) AND ( `status` = '1' ) ORDER BY addtime desc LIMIT 3   [ RunTime:0.001000s ]
SQL: SELECT COUNT(*) AS tp_count FROM `bbs_message` WHERE ( (`keyword` LIKE '13') OR (`keyword` LIKE '%,13') OR (`keyword` LIKE '13,%') OR (`keyword` LIKE '%,13,%') ) AND ( `status` = '1' ) LIMIT 1   [ RunTime:0.000000s ]
SQL: SELECT `id`,`title` FROM `bbs_message` WHERE ( (`keyword` LIKE '14') OR (`keyword` LIKE '%,14') OR (`keyword` LIKE '14,%') OR (`keyword` LIKE '%,14,%') ) AND ( `status` = '1' ) ORDER BY addtime desc LIMIT 3   [ RunTime:0.000000s ]
SQL: SELECT COUNT(*) AS tp_count FROM `bbs_message` WHERE ( (`keyword` LIKE '14') OR (`keyword` LIKE '%,14') OR (`keyword` LIKE '14,%') OR (`keyword` LIKE '%,14,%') ) AND ( `status` = '1' ) LIMIT 1   [ RunTime:0.000000s ]
SQL: SHOW COLUMNS FROM `bbs_question` [ RunTime:0.002000s ]
SQL: SELECT `id`,`uid`,`content` FROM `bbs_question` WHERE ( `status` = '1' ) AND ( `isbest` = '1' ) AND ( `replay` <> '' ) ORDER BY addtime desc LIMIT 6   [ RunTime:0.001000s ]
SQL: SELECT `username`,`name` FROM `edu_users` WHERE ( `id` = 65 ) LIMIT 1   [ RunTime:0.001000s ]
SQL: SELECT `username`,`name` FROM `edu_users` WHERE ( `id` = 93 ) LIMIT 1   [ RunTime:0.000000s ]
SQL: SELECT `username`,`name` FROM `edu_users` WHERE ( `id` = 76 ) LIMIT 1   [ RunTime:0.000000s ]
SQL: SELECT `username`,`name` FROM `edu_users` WHERE ( `id` = 74 ) LIMIT 1   [ RunTime:0.000000s ]
SQL: SELECT `username`,`name` FROM `edu_users` WHERE ( `id` = 71 ) LIMIT 1   [ RunTime:0.000000s ]
SQL: SELECT `username`,`name` FROM `edu_users` WHERE ( `id` = 69 ) LIMIT 1   [ RunTime:0.001001s ]
SQL: SHOW COLUMNS FROM `edu_flink` [ RunTime:0.002000s ]
SQL: SELECT * FROM `edu_flink` WHERE ( status=2 )  [ RunTime:0.000000s ]
NOTIC: [8] Undefined index: user D:\Projects\ERMS\Home\Lib\Action\IndexAction.class.php 第 132 行.
INFO: [ view_parse ] --START--
NOTIC: [8] Undefined index: user D:\Projects\ERMS\Home\Runtime\Cache\a0df498f3fa8ed5d3704c11b76d93149f0b249f5.file.index.html.php 第 145 行.
NOTIC: [8] Undefined index: user D:\Projects\ERMS\Home\Runtime\Cache\a0df498f3fa8ed5d3704c11b76d93149f0b249f5.file.index.html.php 第 204 行.
INFO: ParseTemplate Behavior ::run [ RunTime:0.044002s ]
INFO: [ view_parse ] --END-- [ RunTime:0.044002s ]
INFO: [ view_filter ] --START--
INFO: ContentReplace Behavior ::run [ RunTime:0.002001s ]
INFO: TokenBuild Behavior ::run [ RunTime:0.001000s ]
INFO: WriteHtmlCache Behavior ::run [ RunTime:0.000000s ]
INFO: ShowRuntime Behavior ::run [ RunTime:0.001000s ]
INFO: [ view_filter ] --END-- [ RunTime:0.006001s ]
INFO: [ view_end ] --START--
INFO: ShowPageTrace Behavior ::run [ RunTime:0.002000s ]
INFO: [ view_end ] --END-- [ RunTime:0.002000s ]

[ 2016-09-10T02:30:36+08:00 ] 0.0.0.0 /?XDEBUG_SESSION_START=14279
INFO: [ app_begin ] --START--
INFO: ReadHtmlCache Behavior ::run [ RunTime:0.001001s ]
INFO: [ app_begin ] --END-- [ RunTime:0.002001s ]
SQL: SHOW COLUMNS FROM `edu_clicknum` [ RunTime:0.001000s ]
SQL: SELECT * FROM `edu_clicknum` WHERE ( `id` = 1 ) LIMIT 1   [ RunTime:0.000000s ]
SQL: UPDATE `edu_clicknum` SET `clicknum`=787,`clicktime`=1473445836 WHERE ( `id` = 1 ) [ RunTime:0.000000s ]
SQL: SHOW COLUMNS FROM `edu_notice` [ RunTime:0.003000s ]
SQL: SELECT * FROM `edu_notice` ORDER BY addtime desc LIMIT 6   [ RunTime:0.002000s ]
SQL: SHOW COLUMNS FROM `edu_library` [ RunTime:0.002000s ]
SQL: SELECT * FROM `edu_library` ORDER BY addtime desc LIMIT 3   [ RunTime:0.002000s ]
NOTIC: [8] Undefined index: _type D:\Projects\ERMS\ThinkPHP\Lib\Core\Model.class.php 第 583 行.
SQL: SELECT `username` FROM `edu_users` WHERE ( `id` = '0' ) LIMIT 1   [ RunTime:0.002000s ]
NOTIC: [8] Undefined index: _type D:\Projects\ERMS\ThinkPHP\Lib\Core\Model.class.php 第 583 行.
SQL: SELECT `username` FROM `edu_users` WHERE ( `id` = '95' ) LIMIT 1   [ RunTime:0.001000s ]
NOTIC: [8] Undefined index: _type D:\Projects\ERMS\ThinkPHP\Lib\Core\Model.class.php 第 583 行.
SQL: SELECT `username` FROM `edu_users` WHERE ( `id` = '95' ) LIMIT 1   [ RunTime:0.000000s ]
SQL: SELECT * FROM `edu_library` ORDER BY dwloadnum desc LIMIT 10   [ RunTime:0.000000s ]
NOTIC: [8] Undefined index: _type D:\Projects\ERMS\ThinkPHP\Lib\Core\Model.class.php 第 583 行.
SQL: SELECT `username` FROM `edu_users` WHERE ( `id` = '70' ) LIMIT 1   [ RunTime:0.001000s ]
NOTIC: [8] Undefined index: _type D:\Projects\ERMS\ThinkPHP\Lib\Core\Model.class.php 第 583 行.
SQL: SELECT `username` FROM `edu_users` WHERE ( `id` = '67' ) LIMIT 1   [ RunTime:0.001000s ]
NOTIC: [8] Undefined index: _type D:\Projects\ERMS\ThinkPHP\Lib\Core\Model.class.php 第 583 行.
SQL: SELECT `username` FROM `edu_users` WHERE ( `id` = '64' ) LIMIT 1   [ RunTime:0.001000s ]
NOTIC: [8] Undefined index: _type D:\Projects\ERMS\ThinkPHP\Lib\Core\Model.class.php 第 583 行.
SQL: SELECT `username` FROM `edu_users` WHERE ( `id` = '64' ) LIMIT 1   [ RunTime:0.001000s ]
NOTIC: [8] Undefined index: _type D:\Projects\ERMS\ThinkPHP\Lib\Core\Model.class.php 第 583 行.
SQL: SELECT `username` FROM `edu_users` WHERE ( `id` = '63' ) LIMIT 1   [ RunTime:0.001000s ]
NOTIC: [8] Undefined index: _type D:\Projects\ERMS\ThinkPHP\Lib\Core\Model.class.php 第 583 行.
SQL: SELECT `username` FROM `edu_users` WHERE ( `id` = '61' ) LIMIT 1   [ RunTime:0.001000s ]
NOTIC: [8] Undefined index: _type D:\Projects\ERMS\ThinkPHP\Lib\Core\Model.class.php 第 583 行.
SQL: SELECT `username` FROM `edu_users` WHERE ( `id` = '61' ) LIMIT 1   [ RunTime:0.001000s ]
NOTIC: [8] Undefined index: _type D:\Projects\ERMS\ThinkPHP\Lib\Core\Model.class.php 第 583 行.
SQL: SELECT `username` FROM `edu_users` WHERE ( `id` = '68' ) LIMIT 1   [ RunTime:0.001000s ]
NOTIC: [8] Undefined index: _type D:\Projects\ERMS\ThinkPHP\Lib\Core\Model.class.php 第 583 行.
SQL: SELECT `username` FROM `edu_users` WHERE ( `id` = '70' ) LIMIT 1   [ RunTime:0.001000s ]
NOTIC: [8] Undefined index: _type D:\Projects\ERMS\ThinkPHP\Lib\Core\Model.class.php 第 583 行.
SQL: SELECT `username` FROM `edu_users` WHERE ( `id` = '95' ) LIMIT 1   [ RunTime:0.001000s ]
SQL: select uid,count(*) num from edu_library group by uid order by num desc limit 8 [ RunTime:0.001001s ]
SQL: SHOW COLUMNS FROM `edu_users` [ RunTime:0.001000s ]
SQL: SELECT `username`,`picture` FROM `edu_users` WHERE ( `id` = 64 ) LIMIT 1   [ RunTime:0.001000s ]
SQL: SHOW COLUMNS FROM `edu_friend` [ RunTime:0.003000s ]
SQL: SELECT COUNT(*) AS tp_count FROM `edu_friend` WHERE ( uid=64 ) LIMIT 1   [ RunTime:0.001000s ]
SQL: SELECT `username`,`picture` FROM `edu_users` WHERE ( `id` = 61 ) LIMIT 1   [ RunTime:0.000000s ]
SQL: SELECT COUNT(*) AS tp_count FROM `edu_friend` WHERE ( uid=61 ) LIMIT 1   [ RunTime:0.000000s ]
SQL: SELECT `username`,`picture` FROM `edu_users` WHERE ( `id` = 70 ) LIMIT 1   [ RunTime:0.001000s ]
SQL: SELECT COUNT(*) AS tp_count FROM `edu_friend` WHERE ( uid=70 ) LIMIT 1   [ RunTime:0.000000s ]
SQL: SELECT `username`,`picture` FROM `edu_users` WHERE ( `id` = 95 ) LIMIT 1   [ RunTime:0.001000s ]
SQL: SELECT COUNT(*) AS tp_count FROM `edu_friend` WHERE ( uid=95 ) LIMIT 1   [ RunTime:0.001000s ]
SQL: SELECT `username`,`picture` FROM `edu_users` WHERE ( `id` = 67 ) LIMIT 1   [ RunTime:0.001000s ]
SQL: SELECT COUNT(*) AS tp_count FROM `edu_friend` WHERE ( uid=67 ) LIMIT 1   [ RunTime:0.000000s ]
SQL: SELECT `username`,`picture` FROM `edu_users` WHERE ( `id` = 63 ) LIMIT 1   [ RunTime:0.000000s ]
SQL: SELECT COUNT(*) AS tp_count FROM `edu_friend` WHERE ( uid=63 ) LIMIT 1   [ RunTime:0.001000s ]
SQL: SELECT `username`,`picture` FROM `edu_users` WHERE ( `id` = 68 ) LIMIT 1   [ RunTime:0.001001s ]
SQL: SELECT COUNT(*) AS tp_count FROM `edu_friend` WHERE ( uid=68 ) LIMIT 1   [ RunTime:0.001000s ]
SQL: SELECT `username`,`picture` FROM `edu_users` WHERE ( `id` = 0 ) LIMIT 1   [ RunTime:0.001000s ]
SQL: SELECT COUNT(*) AS tp_count FROM `edu_friend` WHERE ( uid=0 ) LIMIT 1   [ RunTime:0.001000s ]
SQL: SHOW COLUMNS FROM `edu_video` [ RunTime:0.001000s ]
SQL: SELECT * FROM `edu_video` ORDER BY addtime desc LIMIT 3   [ RunTime:0.000000s ]
SQL: SELECT * FROM `edu_video` WHERE ( status=2 ) ORDER BY favonum desc LIMIT 8   [ RunTime:0.000000s ]
SQL: SELECT * FROM `edu_video` WHERE ( status=2 ) ORDER BY clicknum desc LIMIT 10   [ RunTime:0.000000s ]
SQL: SHOW COLUMNS FROM `edu_cat` [ RunTime:0.001000s ]
SQL: SELECT `id`,`name` FROM `edu_cat` WHERE ( pid=0 ) LIMIT 6   [ RunTime:0.000000s ]
SQL: SELECT * FROM `edu_video` WHERE ( status=2 ) ORDER BY addtime desc LIMIT 5   [ RunTime:0.000000s ]
SQL: select nid,count(*) num from edu_zan where nid<>0 group by nid order by num desc limit 3 [ RunTime:0.002000s ]
SQL: SHOW COLUMNS FROM `edu_note` [ RunTime:0.001000s ]
ERR: 1146:Table 'erms.edu_note' doesn't exist
 [ SQL语句 ] : SHOW COLUMNS FROM `edu_note`
SQL: SELECT * FROM `edu_note` WHERE ( `id` = '23' ) LIMIT 1   [ RunTime:0.001000s ]
ERR: 1146:Table 'erms.edu_note' doesn't exist
 [ SQL语句 ] : SELECT * FROM `edu_note` WHERE ( `id` = '23' ) LIMIT 1  
SQL: SELECT `username` FROM `edu_users` LIMIT 1   [ RunTime:0.000000s ]
SQL: SHOW COLUMNS FROM `edu_video` [ RunTime:0.001000s ]
SQL: SELECT `videoname` FROM `edu_video` LIMIT 1   [ RunTime:0.001000s ]
SQL: SELECT * FROM `edu_note` WHERE ( `id` = '39' ) LIMIT 1   [ RunTime:0.001000s ]
ERR: 1146:Table 'erms.edu_note' doesn't exist
 [ SQL语句 ] : SELECT * FROM `edu_note` WHERE ( `id` = '39' ) LIMIT 1  
SQL: SELECT `username` FROM `edu_users` LIMIT 1   [ RunTime:0.000000s ]
SQL: SELECT `videoname` FROM `edu_video` LIMIT 1   [ RunTime:0.000000s ]
SQL: SELECT * FROM `edu_note` WHERE ( `id` = '35' ) LIMIT 1   [ RunTime:0.001000s ]
ERR: 1146:Table 'erms.edu_note' doesn't exist
 [ SQL语句 ] : SELECT * FROM `edu_note` WHERE ( `id` = '35' ) LIMIT 1  
SQL: SELECT `username` FROM `edu_users` LIMIT 1   [ RunTime:0.001000s ]
SQL: SELECT `videoname` FROM `edu_video` LIMIT 1   [ RunTime:0.000000s ]
SQL: select uid,count(*) num from edu_note group by uid order by num desc limit 8 [ RunTime:0.001000s ]
ERR: 1146:Table 'erms.edu_note' doesn't exist
 [ SQL语句 ] : select uid,count(*) num from edu_note group by uid order by num desc limit 8
NOTIC: [2] Invalid argument supplied for foreach() D:\Projects\ERMS\Home\Lib\Action\IndexAction.class.php 第 79 行.
SQL: SHOW COLUMNS FROM `edu_cat` [ RunTime:0.001000s ]
SQL: SELECT `id`,`name` FROM `edu_cat` WHERE ( pid!=0 )  [ RunTime:0.000000s ]
SQL: SHOW COLUMNS FROM `bbs_message` [ RunTime:0.002000s ]
SQL: SELECT `id`,`title` FROM `bbs_message` WHERE ( (`keyword` LIKE '9') OR (`keyword` LIKE '%,9') OR (`keyword` LIKE '9,%') OR (`keyword` LIKE '%,9,%') ) AND ( `status` = '1' ) ORDER BY addtime desc LIMIT 3   [ RunTime:0.000000s ]
SQL: SELECT COUNT(*) AS tp_count FROM `bbs_message` WHERE ( (`keyword` LIKE '9') OR (`keyword` LIKE '%,9') OR (`keyword` LIKE '9,%') OR (`keyword` LIKE '%,9,%') ) AND ( `status` = '1' ) LIMIT 1   [ RunTime:0.001000s ]
SQL: SELECT `id`,`title` FROM `bbs_message` WHERE ( (`keyword` LIKE '24') OR (`keyword` LIKE '%,24') OR (`keyword` LIKE '24,%') OR (`keyword` LIKE '%,24,%') ) AND ( `status` = '1' ) ORDER BY addtime desc LIMIT 3   [ RunTime:0.000000s ]
SQL: SELECT COUNT(*) AS tp_count FROM `bbs_message` WHERE ( (`keyword` LIKE '24') OR (`keyword` LIKE '%,24') OR (`keyword` LIKE '24,%') OR (`keyword` LIKE '%,24,%') ) AND ( `status` = '1' ) LIMIT 1   [ RunTime:0.001001s ]
SQL: SELECT `id`,`title` FROM `bbs_message` WHERE ( (`keyword` LIKE '30') OR (`keyword` LIKE '%,30') OR (`keyword` LIKE '30,%') OR (`keyword` LIKE '%,30,%') ) AND ( `status` = '1' ) ORDER BY addtime desc LIMIT 3   [ RunTime:0.000000s ]
SQL: SELECT COUNT(*) AS tp_count FROM `bbs_message` WHERE ( (`keyword` LIKE '30') OR (`keyword` LIKE '%,30') OR (`keyword` LIKE '30,%') OR (`keyword` LIKE '%,30,%') ) AND ( `status` = '1' ) LIMIT 1   [ RunTime:0.001000s ]
SQL: SELECT `id`,`title` FROM `bbs_message` WHERE ( (`keyword` LIKE '26') OR (`keyword` LIKE '%,26') OR (`keyword` LIKE '26,%') OR (`keyword` LIKE '%,26,%') ) AND ( `status` = '1' ) ORDER BY addtime desc LIMIT 3   [ RunTime:0.001000s ]
SQL: SELECT COUNT(*) AS tp_count FROM `bbs_message` WHERE ( (`keyword` LIKE '26') OR (`keyword` LIKE '%,26') OR (`keyword` LIKE '26,%') OR (`keyword` LIKE '%,26,%') ) AND ( `status` = '1' ) LIMIT 1   [ RunTime:0.000000s ]
SQL: SELECT `id`,`title` FROM `bbs_message` WHERE ( (`keyword` LIKE '23') OR (`keyword` LIKE '%,23') OR (`keyword` LIKE '23,%') OR (`keyword` LIKE '%,23,%') ) AND ( `status` = '1' ) ORDER BY addtime desc LIMIT 3   [ RunTime:0.001000s ]
SQL: SELECT COUNT(*) AS tp_count FROM `bbs_message` WHERE ( (`keyword` LIKE '23') OR (`keyword` LIKE '%,23') OR (`keyword` LIKE '23,%') OR (`keyword` LIKE '%,23,%') ) AND ( `status` = '1' ) LIMIT 1   [ RunTime:0.000000s ]
SQL: SELECT `id`,`title` FROM `bbs_message` WHERE ( (`keyword` LIKE '10') OR (`keyword` LIKE '%,10') OR (`keyword` LIKE '10,%') OR (`keyword` LIKE '%,10,%') ) AND ( `status` = '1' ) ORDER BY addtime desc LIMIT 3   [ RunTime:0.001001s ]
SQL: SELECT COUNT(*) AS tp_count FROM `bbs_message` WHERE ( (`keyword` LIKE '10') OR (`keyword` LIKE '%,10') OR (`keyword` LIKE '10,%') OR (`keyword` LIKE '%,10,%') ) AND ( `status` = '1' ) LIMIT 1   [ RunTime:0.001000s ]
SQL: SHOW COLUMNS FROM `bbs_question` [ RunTime:0.002000s ]
SQL: SELECT `id`,`uid`,`content` FROM `bbs_question` WHERE ( `status` = '1' ) AND ( `isbest` = '1' ) AND ( `replay` <> '' ) ORDER BY addtime desc LIMIT 6   [ RunTime:0.001000s ]
SQL: SELECT `username`,`name` FROM `edu_users` WHERE ( `id` = 65 ) LIMIT 1   [ RunTime:0.001000s ]
SQL: SELECT `username`,`name` FROM `edu_users` WHERE ( `id` = 93 ) LIMIT 1   [ RunTime:0.000000s ]
SQL: SELECT `username`,`name` FROM `edu_users` WHERE ( `id` = 76 ) LIMIT 1   [ RunTime:0.000000s ]
SQL: SELECT `username`,`name` FROM `edu_users` WHERE ( `id` = 74 ) LIMIT 1   [ RunTime:0.001000s ]
SQL: SELECT `username`,`name` FROM `edu_users` WHERE ( `id` = 71 ) LIMIT 1   [ RunTime:0.001000s ]
SQL: SELECT `username`,`name` FROM `edu_users` WHERE ( `id` = 69 ) LIMIT 1   [ RunTime:0.000000s ]
SQL: SHOW COLUMNS FROM `edu_flink` [ RunTime:0.002000s ]
SQL: SELECT * FROM `edu_flink` WHERE ( status=2 )  [ RunTime:0.000000s ]
NOTIC: [8] Undefined index: user D:\Projects\ERMS\Home\Lib\Action\IndexAction.class.php 第 132 行.
INFO: [ view_parse ] --START--
NOTIC: [8] Undefined index: user D:\Projects\ERMS\Home\Runtime\Cache\a0df498f3fa8ed5d3704c11b76d93149f0b249f5.file.index.html.php 第 145 行.
NOTIC: [8] Undefined index: user D:\Projects\ERMS\Home\Runtime\Cache\a0df498f3fa8ed5d3704c11b76d93149f0b249f5.file.index.html.php 第 204 行.
INFO: ParseTemplate Behavior ::run [ RunTime:0.024002s ]
INFO: [ view_parse ] --END-- [ RunTime:0.024002s ]
INFO: [ view_filter ] --START--
INFO: ContentReplace Behavior ::run [ RunTime:0.002000s ]
INFO: TokenBuild Behavior ::run [ RunTime:0.002000s ]
INFO: WriteHtmlCache Behavior ::run [ RunTime:0.001000s ]
INFO: ShowRuntime Behavior ::run [ RunTime:0.002000s ]
INFO: [ view_filter ] --END-- [ RunTime:0.007000s ]
INFO: [ view_end ] --START--
INFO: ShowPageTrace Behavior ::run [ RunTime:0.002000s ]
INFO: [ view_end ] --END-- [ RunTime:0.002000s ]

[ 2016-09-10T14:52:23+08:00 ] 0.0.0.0 /?XDEBUG_SESSION_START=18338
INFO: [ app_begin ] --START--
INFO: ReadHtmlCache Behavior ::run [ RunTime:0.003000s ]
INFO: [ app_begin ] --END-- [ RunTime:0.005000s ]
SQL: SHOW COLUMNS FROM `edu_clicknum` [ RunTime:0.002000s ]
SQL: SELECT * FROM `edu_clicknum` WHERE ( `id` = 1 ) LIMIT 1   [ RunTime:0.001000s ]
SQL: UPDATE `edu_clicknum` SET `clicknum`=788,`clicktime`=1473490342 WHERE ( `id` = 1 ) [ RunTime:0.000000s ]
SQL: SHOW COLUMNS FROM `edu_notice` [ RunTime:0.003000s ]
SQL: SELECT * FROM `edu_notice` ORDER BY addtime desc LIMIT 6   [ RunTime:0.002000s ]
SQL: SHOW COLUMNS FROM `edu_library` [ RunTime:0.001000s ]
SQL: SELECT * FROM `edu_library` ORDER BY addtime desc LIMIT 3   [ RunTime:0.002000s ]
NOTIC: [8] Undefined index: _type D:\Projects\ERMS\ThinkPHP\Lib\Core\Model.class.php 第 583 行.
SQL: SELECT `username` FROM `edu_users` WHERE ( `id` = '0' ) LIMIT 1   [ RunTime:0.001000s ]
NOTIC: [8] Undefined index: _type D:\Projects\ERMS\ThinkPHP\Lib\Core\Model.class.php 第 583 行.
SQL: SELECT `username` FROM `edu_users` WHERE ( `id` = '95' ) LIMIT 1   [ RunTime:0.001000s ]
NOTIC: [8] Undefined index: _type D:\Projects\ERMS\ThinkPHP\Lib\Core\Model.class.php 第 583 行.
SQL: SELECT `username` FROM `edu_users` WHERE ( `id` = '95' ) LIMIT 1   [ RunTime:0.001000s ]
SQL: SELECT * FROM `edu_library` ORDER BY dwloadnum desc LIMIT 10   [ RunTime:0.001000s ]
NOTIC: [8] Undefined index: _type D:\Projects\ERMS\ThinkPHP\Lib\Core\Model.class.php 第 583 行.
SQL: SELECT `username` FROM `edu_users` WHERE ( `id` = '70' ) LIMIT 1   [ RunTime:0.001000s ]
NOTIC: [8] Undefined index: _type D:\Projects\ERMS\ThinkPHP\Lib\Core\Model.class.php 第 583 行.
SQL: SELECT `username` FROM `edu_users` WHERE ( `id` = '67' ) LIMIT 1   [ RunTime:0.001000s ]
NOTIC: [8] Undefined index: _type D:\Projects\ERMS\ThinkPHP\Lib\Core\Model.class.php 第 583 行.
SQL: SELECT `username` FROM `edu_users` WHERE ( `id` = '64' ) LIMIT 1   [ RunTime:0.001000s ]
NOTIC: [8] Undefined index: _type D:\Projects\ERMS\ThinkPHP\Lib\Core\Model.class.php 第 583 行.
SQL: SELECT `username` FROM `edu_users` WHERE ( `id` = '64' ) LIMIT 1   [ RunTime:0.001000s ]
NOTIC: [8] Undefined index: _type D:\Projects\ERMS\ThinkPHP\Lib\Core\Model.class.php 第 583 行.
SQL: SELECT `username` FROM `edu_users` WHERE ( `id` = '63' ) LIMIT 1   [ RunTime:0.001000s ]
NOTIC: [8] Undefined index: _type D:\Projects\ERMS\ThinkPHP\Lib\Core\Model.class.php 第 583 行.
SQL: SELECT `username` FROM `edu_users` WHERE ( `id` = '61' ) LIMIT 1   [ RunTime:0.001000s ]
NOTIC: [8] Undefined index: _type D:\Projects\ERMS\ThinkPHP\Lib\Core\Model.class.php 第 583 行.
SQL: SELECT `username` FROM `edu_users` WHERE ( `id` = '61' ) LIMIT 1   [ RunTime:0.000000s ]
NOTIC: [8] Undefined index: _type D:\Projects\ERMS\ThinkPHP\Lib\Core\Model.class.php 第 583 行.
SQL: SELECT `username` FROM `edu_users` WHERE ( `id` = '68' ) LIMIT 1   [ RunTime:0.001000s ]
NOTIC: [8] Undefined index: _type D:\Projects\ERMS\ThinkPHP\Lib\Core\Model.class.php 第 583 行.
SQL: SELECT `username` FROM `edu_users` WHERE ( `id` = '70' ) LIMIT 1   [ RunTime:0.001000s ]
NOTIC: [8] Undefined index: _type D:\Projects\ERMS\ThinkPHP\Lib\Core\Model.class.php 第 583 行.
SQL: SELECT `username` FROM `edu_users` WHERE ( `id` = '95' ) LIMIT 1   [ RunTime:0.000000s ]
SQL: select uid,count(*) num from edu_library group by uid order by num desc limit 8 [ RunTime:0.001000s ]
SQL: SHOW COLUMNS FROM `edu_users` [ RunTime:0.001000s ]
SQL: SELECT `username`,`picture` FROM `edu_users` WHERE ( `id` = 64 ) LIMIT 1   [ RunTime:0.001000s ]
SQL: SHOW COLUMNS FROM `edu_friend` [ RunTime:0.002000s ]
SQL: SELECT COUNT(*) AS tp_count FROM `edu_friend` WHERE ( uid=64 ) LIMIT 1   [ RunTime:0.001000s ]
SQL: SELECT `username`,`picture` FROM `edu_users` WHERE ( `id` = 61 ) LIMIT 1   [ RunTime:0.000000s ]
SQL: SELECT COUNT(*) AS tp_count FROM `edu_friend` WHERE ( uid=61 ) LIMIT 1   [ RunTime:0.001000s ]
SQL: SELECT `username`,`picture` FROM `edu_users` WHERE ( `id` = 70 ) LIMIT 1   [ RunTime:0.001000s ]
SQL: SELECT COUNT(*) AS tp_count FROM `edu_friend` WHERE ( uid=70 ) LIMIT 1   [ RunTime:0.001001s ]
SQL: SELECT `username`,`picture` FROM `edu_users` WHERE ( `id` = 95 ) LIMIT 1   [ RunTime:0.001000s ]
SQL: SELECT COUNT(*) AS tp_count FROM `edu_friend` WHERE ( uid=95 ) LIMIT 1   [ RunTime:0.000000s ]
SQL: SELECT `username`,`picture` FROM `edu_users` WHERE ( `id` = 67 ) LIMIT 1   [ RunTime:0.001000s ]
SQL: SELECT COUNT(*) AS tp_count FROM `edu_friend` WHERE ( uid=67 ) LIMIT 1   [ RunTime:0.001000s ]
SQL: SELECT `username`,`picture` FROM `edu_users` WHERE ( `id` = 63 ) LIMIT 1   [ RunTime:0.000000s ]
SQL: SELECT COUNT(*) AS tp_count FROM `edu_friend` WHERE ( uid=63 ) LIMIT 1   [ RunTime:0.000000s ]
SQL: SELECT `username`,`picture` FROM `edu_users` WHERE ( `id` = 68 ) LIMIT 1   [ RunTime:0.001000s ]
SQL: SELECT COUNT(*) AS tp_count FROM `edu_friend` WHERE ( uid=68 ) LIMIT 1   [ RunTime:0.001000s ]
SQL: SELECT `username`,`picture` FROM `edu_users` WHERE ( `id` = 0 ) LIMIT 1   [ RunTime:0.001000s ]
SQL: SELECT COUNT(*) AS tp_count FROM `edu_friend` WHERE ( uid=0 ) LIMIT 1   [ RunTime:0.001000s ]
SQL: SHOW COLUMNS FROM `edu_video` [ RunTime:0.001000s ]
SQL: SELECT * FROM `edu_video` ORDER BY addtime desc LIMIT 3   [ RunTime:0.000000s ]
SQL: SELECT * FROM `edu_video` WHERE ( status=2 ) ORDER BY favonum desc LIMIT 8   [ RunTime:0.001000s ]
SQL: SELECT * FROM `edu_video` WHERE ( status=2 ) ORDER BY clicknum desc LIMIT 10   [ RunTime:0.000000s ]
SQL: SHOW COLUMNS FROM `edu_cat` [ RunTime:0.001000s ]
SQL: SELECT `id`,`name` FROM `edu_cat` WHERE ( pid=0 ) LIMIT 6   [ RunTime:0.001000s ]
SQL: SELECT * FROM `edu_video` WHERE ( status=2 ) ORDER BY addtime desc LIMIT 5   [ RunTime:0.001000s ]
SQL: select nid,count(*) num from edu_zan where nid<>0 group by nid order by num desc limit 3 [ RunTime:0.002000s ]
SQL: SHOW COLUMNS FROM `edu_note` [ RunTime:0.001000s ]
ERR: 1146:Table 'erms.edu_note' doesn't exist
 [ SQL语句 ] : SHOW COLUMNS FROM `edu_note`
SQL: SELECT * FROM `edu_note` WHERE ( `id` = '23' ) LIMIT 1   [ RunTime:0.001000s ]
ERR: 1146:Table 'erms.edu_note' doesn't exist
 [ SQL语句 ] : SELECT * FROM `edu_note` WHERE ( `id` = '23' ) LIMIT 1  
SQL: SELECT `username` FROM `edu_users` LIMIT 1   [ RunTime:0.000000s ]
SQL: SHOW COLUMNS FROM `edu_video` [ RunTime:0.001000s ]
SQL: SELECT `videoname` FROM `edu_video` LIMIT 1   [ RunTime:0.000000s ]
SQL: SELECT * FROM `edu_note` WHERE ( `id` = '35' ) LIMIT 1   [ RunTime:0.000000s ]
ERR: 1146:Table 'erms.edu_note' doesn't exist
 [ SQL语句 ] : SELECT * FROM `edu_note` WHERE ( `id` = '35' ) LIMIT 1  
SQL: SELECT `username` FROM `edu_users` LIMIT 1   [ RunTime:0.001000s ]
SQL: SELECT `videoname` FROM `edu_video` LIMIT 1   [ RunTime:0.000000s ]
SQL: SELECT * FROM `edu_note` WHERE ( `id` = '38' ) LIMIT 1   [ RunTime:0.000000s ]
ERR: 1146:Table 'erms.edu_note' doesn't exist
 [ SQL语句 ] : SELECT * FROM `edu_note` WHERE ( `id` = '38' ) LIMIT 1  
SQL: SELECT `username` FROM `edu_users` LIMIT 1   [ RunTime:0.001000s ]
SQL: SELECT `videoname` FROM `edu_video` LIMIT 1   [ RunTime:0.000000s ]
SQL: select uid,count(*) num from edu_note group by uid order by num desc limit 8 [ RunTime:0.000000s ]
ERR: 1146:Table 'erms.edu_note' doesn't exist
 [ SQL语句 ] : select uid,count(*) num from edu_note group by uid order by num desc limit 8
NOTIC: [2] Invalid argument supplied for foreach() D:\Projects\ERMS\Home\Lib\Action\IndexAction.class.php 第 79 行.
SQL: SHOW COLUMNS FROM `edu_cat` [ RunTime:0.001000s ]
SQL: SELECT `id`,`name` FROM `edu_cat` WHERE ( pid!=0 )  [ RunTime:0.000000s ]
SQL: SHOW COLUMNS FROM `bbs_message` [ RunTime:0.003000s ]
SQL: SELECT `id`,`title` FROM `bbs_message` WHERE ( (`keyword` LIKE '13') OR (`keyword` LIKE '%,13') OR (`keyword` LIKE '13,%') OR (`keyword` LIKE '%,13,%') ) AND ( `status` = '1' ) ORDER BY addtime desc LIMIT 3   [ RunTime:0.001000s ]
SQL: SELECT COUNT(*) AS tp_count FROM `bbs_message` WHERE ( (`keyword` LIKE '13') OR (`keyword` LIKE '%,13') OR (`keyword` LIKE '13,%') OR (`keyword` LIKE '%,13,%') ) AND ( `status` = '1' ) LIMIT 1   [ RunTime:0.001000s ]
SQL: SELECT `id`,`title` FROM `bbs_message` WHERE ( (`keyword` LIKE '23') OR (`keyword` LIKE '%,23') OR (`keyword` LIKE '23,%') OR (`keyword` LIKE '%,23,%') ) AND ( `status` = '1' ) ORDER BY addtime desc LIMIT 3   [ RunTime:0.000000s ]
SQL: SELECT COUNT(*) AS tp_count FROM `bbs_message` WHERE ( (`keyword` LIKE '23') OR (`keyword` LIKE '%,23') OR (`keyword` LIKE '23,%') OR (`keyword` LIKE '%,23,%') ) AND ( `status` = '1' ) LIMIT 1   [ RunTime:0.001000s ]
SQL: SELECT `id`,`title` FROM `bbs_message` WHERE ( (`keyword` LIKE '26') OR (`keyword` LIKE '%,26') OR (`keyword` LIKE '26,%') OR (`keyword` LIKE '%,26,%') ) AND ( `status` = '1' ) ORDER BY addtime desc LIMIT 3   [ RunTime:0.000000s ]
SQL: SELECT COUNT(*) AS tp_count FROM `bbs_message` WHERE ( (`keyword` LIKE '26') OR (`keyword` LIKE '%,26') OR (`keyword` LIKE '26,%') OR (`keyword` LIKE '%,26,%') ) AND ( `status` = '1' ) LIMIT 1   [ RunTime:0.001000s ]
SQL: SELECT `id`,`title` FROM `bbs_message` WHERE ( (`keyword` LIKE '29') OR (`keyword` LIKE '%,29') OR (`keyword` LIKE '29,%') OR (`keyword` LIKE '%,29,%') ) AND ( `status` = '1' ) ORDER BY addtime desc LIMIT 3   [ RunTime:0.001000s ]
SQL: SELECT COUNT(*) AS tp_count FROM `bbs_message` WHERE ( (`keyword` LIKE '29') OR (`keyword` LIKE '%,29') OR (`keyword` LIKE '29,%') OR (`keyword` LIKE '%,29,%') ) AND ( `status` = '1' ) LIMIT 1   [ RunTime:0.001000s ]
SQL: SELECT `id`,`title` FROM `bbs_message` WHERE ( (`keyword` LIKE '25') OR (`keyword` LIKE '%,25') OR (`keyword` LIKE '25,%') OR (`keyword` LIKE '%,25,%') ) AND ( `status` = '1' ) ORDER BY addtime desc LIMIT 3   [ RunTime:0.001000s ]
SQL: SELECT COUNT(*) AS tp_count FROM `bbs_message` WHERE ( (`keyword` LIKE '25') OR (`keyword` LIKE '%,25') OR (`keyword` LIKE '25,%') OR (`keyword` LIKE '%,25,%') ) AND ( `status` = '1' ) LIMIT 1   [ RunTime:0.000000s ]
SQL: SELECT `id`,`title` FROM `bbs_message` WHERE ( (`keyword` LIKE '24') OR (`keyword` LIKE '%,24') OR (`keyword` LIKE '24,%') OR (`keyword` LIKE '%,24,%') ) AND ( `status` = '1' ) ORDER BY addtime desc LIMIT 3   [ RunTime:0.001000s ]
SQL: SELECT COUNT(*) AS tp_count FROM `bbs_message` WHERE ( (`keyword` LIKE '24') OR (`keyword` LIKE '%,24') OR (`keyword` LIKE '24,%') OR (`keyword` LIKE '%,24,%') ) AND ( `status` = '1' ) LIMIT 1   [ RunTime:0.000000s ]
SQL: SHOW COLUMNS FROM `bbs_question` [ RunTime:0.003000s ]
SQL: SELECT `id`,`uid`,`content` FROM `bbs_question` WHERE ( `status` = '1' ) AND ( `isbest` = '1' ) AND ( `replay` <> '' ) ORDER BY addtime desc LIMIT 6   [ RunTime:0.001000s ]
SQL: SELECT `username`,`name` FROM `edu_users` WHERE ( `id` = 65 ) LIMIT 1   [ RunTime:0.001000s ]
SQL: SELECT `username`,`name` FROM `edu_users` WHERE ( `id` = 93 ) LIMIT 1   [ RunTime:0.001000s ]
SQL: SELECT `username`,`name` FROM `edu_users` WHERE ( `id` = 76 ) LIMIT 1   [ RunTime:0.001000s ]
SQL: SELECT `username`,`name` FROM `edu_users` WHERE ( `id` = 74 ) LIMIT 1   [ RunTime:0.001001s ]
SQL: SELECT `username`,`name` FROM `edu_users` WHERE ( `id` = 71 ) LIMIT 1   [ RunTime:0.000000s ]
SQL: SELECT `username`,`name` FROM `edu_users` WHERE ( `id` = 69 ) LIMIT 1   [ RunTime:0.001000s ]
SQL: SHOW COLUMNS FROM `edu_flink` [ RunTime:0.002000s ]
SQL: SELECT * FROM `edu_flink` WHERE ( status=2 )  [ RunTime:0.001000s ]
NOTIC: [8] Undefined index: user D:\Projects\ERMS\Home\Lib\Action\IndexAction.class.php 第 132 行.
INFO: [ view_parse ] --START--
NOTIC: [8] Undefined index: user D:\Projects\ERMS\Home\Runtime\Cache\a0df498f3fa8ed5d3704c11b76d93149f0b249f5.file.index.html.php 第 145 行.
NOTIC: [8] Undefined index: user D:\Projects\ERMS\Home\Runtime\Cache\a0df498f3fa8ed5d3704c11b76d93149f0b249f5.file.index.html.php 第 204 行.
INFO: ParseTemplate Behavior ::run [ RunTime:0.204011s ]
INFO: [ view_parse ] --END-- [ RunTime:0.205011s ]
INFO: [ view_filter ] --START--
INFO: ContentReplace Behavior ::run [ RunTime:0.004001s ]
INFO: TokenBuild Behavior ::run [ RunTime:0.005000s ]
INFO: WriteHtmlCache Behavior ::run [ RunTime:0.002000s ]
INFO: ShowRuntime Behavior ::run [ RunTime:0.003000s ]
INFO: [ view_filter ] --END-- [ RunTime:0.016001s ]
INFO: [ view_end ] --START--
INFO: ShowPageTrace Behavior ::run [ RunTime:0.002000s ]
INFO: [ view_end ] --END-- [ RunTime:0.003000s ]

[ 2016-09-10T17:20:14+08:00 ] 0.0.0.0 /?XDEBUG_SESSION_START=15420
INFO: [ app_begin ] --START--
INFO: ReadHtmlCache Behavior ::run [ RunTime:0.001000s ]
INFO: [ app_begin ] --END-- [ RunTime:0.001000s ]
SQL: SHOW COLUMNS FROM `edu_clicknum` [ RunTime:0.001001s ]
SQL: SELECT * FROM `edu_clicknum` WHERE ( `id` = 1 ) LIMIT 1   [ RunTime:0.001000s ]
SQL: UPDATE `edu_clicknum` SET `clicknum`=789,`clicktime`=1473499214 WHERE ( `id` = 1 ) [ RunTime:0.001000s ]
SQL: SHOW COLUMNS FROM `edu_notice` [ RunTime:0.003000s ]
SQL: SELECT * FROM `edu_notice` ORDER BY addtime desc LIMIT 6   [ RunTime:0.001000s ]
SQL: SHOW COLUMNS FROM `edu_library` [ RunTime:0.002000s ]
SQL: SELECT * FROM `edu_library` ORDER BY addtime desc LIMIT 3   [ RunTime:0.001000s ]
NOTIC: [8] Undefined index: _type D:\Projects\ERMS\ThinkPHP\Lib\Core\Model.class.php 第 583 行.
SQL: SELECT `username` FROM `edu_users` WHERE ( `id` = '0' ) LIMIT 1   [ RunTime:0.001000s ]
NOTIC: [8] Undefined index: _type D:\Projects\ERMS\ThinkPHP\Lib\Core\Model.class.php 第 583 行.
SQL: SELECT `username` FROM `edu_users` WHERE ( `id` = '95' ) LIMIT 1   [ RunTime:0.001000s ]
NOTIC: [8] Undefined index: _type D:\Projects\ERMS\ThinkPHP\Lib\Core\Model.class.php 第 583 行.
SQL: SELECT `username` FROM `edu_users` WHERE ( `id` = '95' ) LIMIT 1   [ RunTime:0.001000s ]
SQL: SELECT * FROM `edu_library` ORDER BY dwloadnum desc LIMIT 10   [ RunTime:0.001000s ]
NOTIC: [8] Undefined index: _type D:\Projects\ERMS\ThinkPHP\Lib\Core\Model.class.php 第 583 行.
SQL: SELECT `username` FROM `edu_users` WHERE ( `id` = '70' ) LIMIT 1   [ RunTime:0.001000s ]
NOTIC: [8] Undefined index: _type D:\Projects\ERMS\ThinkPHP\Lib\Core\Model.class.php 第 583 行.
SQL: SELECT `username` FROM `edu_users` WHERE ( `id` = '67' ) LIMIT 1   [ RunTime:0.001000s ]
NOTIC: [8] Undefined index: _type D:\Projects\ERMS\ThinkPHP\Lib\Core\Model.class.php 第 583 行.
SQL: SELECT `username` FROM `edu_users` WHERE ( `id` = '64' ) LIMIT 1   [ RunTime:0.001000s ]
NOTIC: [8] Undefined index: _type D:\Projects\ERMS\ThinkPHP\Lib\Core\Model.class.php 第 583 行.
SQL: SELECT `username` FROM `edu_users` WHERE ( `id` = '64' ) LIMIT 1   [ RunTime:0.001000s ]
NOTIC: [8] Undefined index: _type D:\Projects\ERMS\ThinkPHP\Lib\Core\Model.class.php 第 583 行.
SQL: SELECT `username` FROM `edu_users` WHERE ( `id` = '63' ) LIMIT 1   [ RunTime:0.000000s ]
NOTIC: [8] Undefined index: _type D:\Projects\ERMS\ThinkPHP\Lib\Core\Model.class.php 第 583 行.
SQL: SELECT `username` FROM `edu_users` WHERE ( `id` = '61' ) LIMIT 1   [ RunTime:0.001000s ]
NOTIC: [8] Undefined index: _type D:\Projects\ERMS\ThinkPHP\Lib\Core\Model.class.php 第 583 行.
SQL: SELECT `username` FROM `edu_users` WHERE ( `id` = '61' ) LIMIT 1   [ RunTime:0.000000s ]
NOTIC: [8] Undefined index: _type D:\Projects\ERMS\ThinkPHP\Lib\Core\Model.class.php 第 583 行.
SQL: SELECT `username` FROM `edu_users` WHERE ( `id` = '68' ) LIMIT 1   [ RunTime:0.001000s ]
NOTIC: [8] Undefined index: _type D:\Projects\ERMS\ThinkPHP\Lib\Core\Model.class.php 第 583 行.
SQL: SELECT `username` FROM `edu_users` WHERE ( `id` = '70' ) LIMIT 1   [ RunTime:0.001000s ]
NOTIC: [8] Undefined index: _type D:\Projects\ERMS\ThinkPHP\Lib\Core\Model.class.php 第 583 行.
SQL: SELECT `username` FROM `edu_users` WHERE ( `id` = '95' ) LIMIT 1   [ RunTime:0.001000s ]
SQL: select uid,count(*) num from edu_library group by uid order by num desc limit 8 [ RunTime:0.001000s ]
SQL: SHOW COLUMNS FROM `edu_users` [ RunTime:0.002000s ]
SQL: SELECT `username`,`picture` FROM `edu_users` WHERE ( `id` = 64 ) LIMIT 1   [ RunTime:0.001000s ]
SQL: SHOW COLUMNS FROM `edu_friend` [ RunTime:0.002000s ]
SQL: SELECT COUNT(*) AS tp_count FROM `edu_friend` WHERE ( uid=64 ) LIMIT 1   [ RunTime:0.001000s ]
SQL: SELECT `username`,`picture` FROM `edu_users` WHERE ( `id` = 61 ) LIMIT 1   [ RunTime:0.001000s ]
SQL: SELECT COUNT(*) AS tp_count FROM `edu_friend` WHERE ( uid=61 ) LIMIT 1   [ RunTime:0.001000s ]
SQL: SELECT `username`,`picture` FROM `edu_users` WHERE ( `id` = 70 ) LIMIT 1   [ RunTime:0.000000s ]
SQL: SELECT COUNT(*) AS tp_count FROM `edu_friend` WHERE ( uid=70 ) LIMIT 1   [ RunTime:0.001000s ]
SQL: SELECT `username`,`picture` FROM `edu_users` WHERE ( `id` = 95 ) LIMIT 1   [ RunTime:0.001000s ]
SQL: SELECT COUNT(*) AS tp_count FROM `edu_friend` WHERE ( uid=95 ) LIMIT 1   [ RunTime:0.001001s ]
SQL: SELECT `username`,`picture` FROM `edu_users` WHERE ( `id` = 67 ) LIMIT 1   [ RunTime:0.001000s ]
SQL: SELECT COUNT(*) AS tp_count FROM `edu_friend` WHERE ( uid=67 ) LIMIT 1   [ RunTime:0.001000s ]
SQL: SELECT `username`,`picture` FROM `edu_users` WHERE ( `id` = 63 ) LIMIT 1   [ RunTime:0.001000s ]
SQL: SELECT COUNT(*) AS tp_count FROM `edu_friend` WHERE ( uid=63 ) LIMIT 1   [ RunTime:0.001000s ]
SQL: SELECT `username`,`picture` FROM `edu_users` WHERE ( `id` = 68 ) LIMIT 1   [ RunTime:0.002000s ]
SQL: SELECT COUNT(*) AS tp_count FROM `edu_friend` WHERE ( uid=68 ) LIMIT 1   [ RunTime:0.001000s ]
SQL: SELECT `username`,`picture` FROM `edu_users` WHERE ( `id` = 0 ) LIMIT 1   [ RunTime:0.000000s ]
SQL: SELECT COUNT(*) AS tp_count FROM `edu_friend` WHERE ( uid=0 ) LIMIT 1   [ RunTime:0.000000s ]
SQL: SHOW COLUMNS FROM `edu_video` [ RunTime:0.002000s ]
SQL: SELECT * FROM `edu_video` ORDER BY addtime desc LIMIT 3   [ RunTime:0.001000s ]
SQL: SELECT * FROM `edu_video` WHERE ( status=2 ) ORDER BY favonum desc LIMIT 8   [ RunTime:0.001000s ]
SQL: SELECT * FROM `edu_video` WHERE ( status=2 ) ORDER BY clicknum desc LIMIT 10   [ RunTime:0.001000s ]
SQL: SHOW COLUMNS FROM `edu_cat` [ RunTime:0.001000s ]
SQL: SELECT `id`,`name` FROM `edu_cat` WHERE ( pid=0 ) LIMIT 6   [ RunTime:0.001000s ]
SQL: SELECT * FROM `edu_video` WHERE ( status=2 ) ORDER BY addtime desc LIMIT 5   [ RunTime:0.001000s ]
SQL: select nid,count(*) num from edu_zan where nid<>0 group by nid order by num desc limit 3 [ RunTime:0.001001s ]
SQL: SHOW COLUMNS FROM `edu_note` [ RunTime:0.004000s ]
ERR: 1146:Table 'erms.edu_note' doesn't exist
 [ SQL语句 ] : SHOW COLUMNS FROM `edu_note`
SQL: SELECT * FROM `edu_note` WHERE ( `id` = '23' ) LIMIT 1   [ RunTime:0.000000s ]
ERR: 1146:Table 'erms.edu_note' doesn't exist
 [ SQL语句 ] : SELECT * FROM `edu_note` WHERE ( `id` = '23' ) LIMIT 1  
SQL: SELECT `username` FROM `edu_users` LIMIT 1   [ RunTime:0.001000s ]
SQL: SHOW COLUMNS FROM `edu_video` [ RunTime:0.001000s ]
SQL: SELECT `videoname` FROM `edu_video` LIMIT 1   [ RunTime:0.001000s ]
SQL: SELECT * FROM `edu_note` WHERE ( `id` = '35' ) LIMIT 1   [ RunTime:0.001000s ]
ERR: 1146:Table 'erms.edu_note' doesn't exist
 [ SQL语句 ] : SELECT * FROM `edu_note` WHERE ( `id` = '35' ) LIMIT 1  
SQL: SELECT `username` FROM `edu_users` LIMIT 1   [ RunTime:0.000000s ]
SQL: SELECT `videoname` FROM `edu_video` LIMIT 1   [ RunTime:0.000000s ]
SQL: SELECT * FROM `edu_note` WHERE ( `id` = '38' ) LIMIT 1   [ RunTime:0.001000s ]
ERR: 1146:Table 'erms.edu_note' doesn't exist
 [ SQL语句 ] : SELECT * FROM `edu_note` WHERE ( `id` = '38' ) LIMIT 1  
SQL: SELECT `username` FROM `edu_users` LIMIT 1   [ RunTime:0.000000s ]
SQL: SELECT `videoname` FROM `edu_video` LIMIT 1   [ RunTime:0.001000s ]
SQL: select uid,count(*) num from edu_note group by uid order by num desc limit 8 [ RunTime:0.001000s ]
ERR: 1146:Table 'erms.edu_note' doesn't exist
 [ SQL语句 ] : select uid,count(*) num from edu_note group by uid order by num desc limit 8
NOTIC: [2] Invalid argument supplied for foreach() D:\Projects\ERMS\Home\Lib\Action\IndexAction.class.php 第 79 行.
SQL: SHOW COLUMNS FROM `edu_cat` [ RunTime:0.002001s ]
SQL: SELECT `id`,`name` FROM `edu_cat` WHERE ( pid!=0 )  [ RunTime:0.001000s ]
SQL: SHOW COLUMNS FROM `bbs_message` [ RunTime:0.001000s ]
SQL: SELECT `id`,`title` FROM `bbs_message` WHERE ( (`keyword` LIKE '11') OR (`keyword` LIKE '%,11') OR (`keyword` LIKE '11,%') OR (`keyword` LIKE '%,11,%') ) AND ( `status` = '1' ) ORDER BY addtime desc LIMIT 3   [ RunTime:0.001000s ]
SQL: SELECT COUNT(*) AS tp_count FROM `bbs_message` WHERE ( (`keyword` LIKE '11') OR (`keyword` LIKE '%,11') OR (`keyword` LIKE '11,%') OR (`keyword` LIKE '%,11,%') ) AND ( `status` = '1' ) LIMIT 1   [ RunTime:0.001000s ]
SQL: SELECT `id`,`title` FROM `bbs_message` WHERE ( (`keyword` LIKE '31') OR (`keyword` LIKE '%,31') OR (`keyword` LIKE '31,%') OR (`keyword` LIKE '%,31,%') ) AND ( `status` = '1' ) ORDER BY addtime desc LIMIT 3   [ RunTime:0.001000s ]
SQL: SELECT COUNT(*) AS tp_count FROM `bbs_message` WHERE ( (`keyword` LIKE '31') OR (`keyword` LIKE '%,31') OR (`keyword` LIKE '31,%') OR (`keyword` LIKE '%,31,%') ) AND ( `status` = '1' ) LIMIT 1   [ RunTime:0.000000s ]
SQL: SELECT `id`,`title` FROM `bbs_message` WHERE ( (`keyword` LIKE '17') OR (`keyword` LIKE '%,17') OR (`keyword` LIKE '17,%') OR (`keyword` LIKE '%,17,%') ) AND ( `status` = '1' ) ORDER BY addtime desc LIMIT 3   [ RunTime:0.001000s ]
SQL: SELECT COUNT(*) AS tp_count FROM `bbs_message` WHERE ( (`keyword` LIKE '17') OR (`keyword` LIKE '%,17') OR (`keyword` LIKE '17,%') OR (`keyword` LIKE '%,17,%') ) AND ( `status` = '1' ) LIMIT 1   [ RunTime:0.001000s ]
SQL: SELECT `id`,`title` FROM `bbs_message` WHERE ( (`keyword` LIKE '29') OR (`keyword` LIKE '%,29') OR (`keyword` LIKE '29,%') OR (`keyword` LIKE '%,29,%') ) AND ( `status` = '1' ) ORDER BY addtime desc LIMIT 3   [ RunTime:0.001000s ]
SQL: SELECT COUNT(*) AS tp_count FROM `bbs_message` WHERE ( (`keyword` LIKE '29') OR (`keyword` LIKE '%,29') OR (`keyword` LIKE '29,%') OR (`keyword` LIKE '%,29,%') ) AND ( `status` = '1' ) LIMIT 1   [ RunTime:0.001000s ]
SQL: SELECT `id`,`title` FROM `bbs_message` WHERE ( (`keyword` LIKE '19') OR (`keyword` LIKE '%,19') OR (`keyword` LIKE '19,%') OR (`keyword` LIKE '%,19,%') ) AND ( `status` = '1' ) ORDER BY addtime desc LIMIT 3   [ RunTime:0.001000s ]
SQL: SELECT COUNT(*) AS tp_count FROM `bbs_message` WHERE ( (`keyword` LIKE '19') OR (`keyword` LIKE '%,19') OR (`keyword` LIKE '19,%') OR (`keyword` LIKE '%,19,%') ) AND ( `status` = '1' ) LIMIT 1   [ RunTime:0.001000s ]
SQL: SELECT `id`,`title` FROM `bbs_message` WHERE ( (`keyword` LIKE '12') OR (`keyword` LIKE '%,12') OR (`keyword` LIKE '12,%') OR (`keyword` LIKE '%,12,%') ) AND ( `status` = '1' ) ORDER BY addtime desc LIMIT 3   [ RunTime:0.000000s ]
SQL: SELECT COUNT(*) AS tp_count FROM `bbs_message` WHERE ( (`keyword` LIKE '12') OR (`keyword` LIKE '%,12') OR (`keyword` LIKE '12,%') OR (`keyword` LIKE '%,12,%') ) AND ( `status` = '1' ) LIMIT 1   [ RunTime:0.001000s ]
SQL: SHOW COLUMNS FROM `bbs_question` [ RunTime:0.001000s ]
SQL: SELECT `id`,`uid`,`content` FROM `bbs_question` WHERE ( `status` = '1' ) AND ( `isbest` = '1' ) AND ( `replay` <> '' ) ORDER BY addtime desc LIMIT 6   [ RunTime:0.001000s ]
SQL: SELECT `username`,`name` FROM `edu_users` WHERE ( `id` = 65 ) LIMIT 1   [ RunTime:0.000000s ]
SQL: SELECT `username`,`name` FROM `edu_users` WHERE ( `id` = 93 ) LIMIT 1   [ RunTime:0.000000s ]
SQL: SELECT `username`,`name` FROM `edu_users` WHERE ( `id` = 76 ) LIMIT 1   [ RunTime:0.001000s ]
SQL: SELECT `username`,`name` FROM `edu_users` WHERE ( `id` = 74 ) LIMIT 1   [ RunTime:0.001000s ]
SQL: SELECT `username`,`name` FROM `edu_users` WHERE ( `id` = 71 ) LIMIT 1   [ RunTime:0.001000s ]
SQL: SELECT `username`,`name` FROM `edu_users` WHERE ( `id` = 69 ) LIMIT 1   [ RunTime:0.001000s ]
SQL: SHOW COLUMNS FROM `edu_flink` [ RunTime:0.002000s ]
SQL: SELECT * FROM `edu_flink` WHERE ( status=2 )  [ RunTime:0.000000s ]
NOTIC: [8] Undefined index: user D:\Projects\ERMS\Home\Lib\Action\IndexAction.class.php 第 132 行.
INFO: [ view_parse ] --START--
NOTIC: [8] Undefined index: user D:\Projects\ERMS\Home\Runtime\Cache\a0df498f3fa8ed5d3704c11b76d93149f0b249f5.file.index.html.php 第 145 行.
NOTIC: [8] Undefined index: user D:\Projects\ERMS\Home\Runtime\Cache\a0df498f3fa8ed5d3704c11b76d93149f0b249f5.file.index.html.php 第 204 行.
INFO: ParseTemplate Behavior ::run [ RunTime:0.048003s ]
INFO: [ view_parse ] --END-- [ RunTime:0.048003s ]
INFO: [ view_filter ] --START--
INFO: ContentReplace Behavior ::run [ RunTime:0.001000s ]
INFO: TokenBuild Behavior ::run [ RunTime:0.003000s ]
INFO: WriteHtmlCache Behavior ::run [ RunTime:0.001000s ]
INFO: ShowRuntime Behavior ::run [ RunTime:0.001001s ]
INFO: [ view_filter ] --END-- [ RunTime:0.011001s ]
INFO: [ view_end ] --START--
INFO: ShowPageTrace Behavior ::run [ RunTime:0.001000s ]
INFO: [ view_end ] --END-- [ RunTime:0.002000s ]

[ 2016-09-10T19:18:45+08:00 ] 0.0.0.0 /?XDEBUG_SESSION_START=13456
INFO: [ app_begin ] --START--
INFO: ReadHtmlCache Behavior ::run [ RunTime:0.002000s ]
INFO: [ app_begin ] --END-- [ RunTime:0.002000s ]
SQL: SHOW COLUMNS FROM `edu_clicknum` [ RunTime:0.001000s ]
SQL: SELECT * FROM `edu_clicknum` WHERE ( `id` = 1 ) LIMIT 1   [ RunTime:0.001000s ]
SQL: UPDATE `edu_clicknum` SET `clicknum`=790,`clicktime`=1473506325 WHERE ( `id` = 1 ) [ RunTime:0.001000s ]
SQL: SHOW COLUMNS FROM `edu_notice` [ RunTime:0.002000s ]
SQL: SELECT * FROM `edu_notice` ORDER BY addtime desc LIMIT 6   [ RunTime:0.001000s ]
SQL: SHOW COLUMNS FROM `edu_library` [ RunTime:0.001000s ]
SQL: SELECT * FROM `edu_library` ORDER BY addtime desc LIMIT 3   [ RunTime:0.001000s ]
NOTIC: [8] Undefined index: _type D:\Projects\ERMS\ThinkPHP\Lib\Core\Model.class.php 第 583 行.
SQL: SELECT `username` FROM `edu_users` WHERE ( `id` = '0' ) LIMIT 1   [ RunTime:0.001000s ]
NOTIC: [8] Undefined index: _type D:\Projects\ERMS\ThinkPHP\Lib\Core\Model.class.php 第 583 行.
SQL: SELECT `username` FROM `edu_users` WHERE ( `id` = '95' ) LIMIT 1   [ RunTime:0.001000s ]
NOTIC: [8] Undefined index: _type D:\Projects\ERMS\ThinkPHP\Lib\Core\Model.class.php 第 583 行.
SQL: SELECT `username` FROM `edu_users` WHERE ( `id` = '95' ) LIMIT 1   [ RunTime:0.001000s ]
SQL: SELECT * FROM `edu_library` ORDER BY dwloadnum desc LIMIT 10   [ RunTime:0.001000s ]
NOTIC: [8] Undefined index: _type D:\Projects\ERMS\ThinkPHP\Lib\Core\Model.class.php 第 583 行.
SQL: SELECT `username` FROM `edu_users` WHERE ( `id` = '70' ) LIMIT 1   [ RunTime:0.001000s ]
NOTIC: [8] Undefined index: _type D:\Projects\ERMS\ThinkPHP\Lib\Core\Model.class.php 第 583 行.
SQL: SELECT `username` FROM `edu_users` WHERE ( `id` = '67' ) LIMIT 1   [ RunTime:0.001000s ]
NOTIC: [8] Undefined index: _type D:\Projects\ERMS\ThinkPHP\Lib\Core\Model.class.php 第 583 行.
SQL: SELECT `username` FROM `edu_users` WHERE ( `id` = '64' ) LIMIT 1   [ RunTime:0.000000s ]
NOTIC: [8] Undefined index: _type D:\Projects\ERMS\ThinkPHP\Lib\Core\Model.class.php 第 583 行.
SQL: SELECT `username` FROM `edu_users` WHERE ( `id` = '64' ) LIMIT 1   [ RunTime:0.001000s ]
NOTIC: [8] Undefined index: _type D:\Projects\ERMS\ThinkPHP\Lib\Core\Model.class.php 第 583 行.
SQL: SELECT `username` FROM `edu_users` WHERE ( `id` = '63' ) LIMIT 1   [ RunTime:0.001000s ]
NOTIC: [8] Undefined index: _type D:\Projects\ERMS\ThinkPHP\Lib\Core\Model.class.php 第 583 行.
SQL: SELECT `username` FROM `edu_users` WHERE ( `id` = '61' ) LIMIT 1   [ RunTime:0.000000s ]
NOTIC: [8] Undefined index: _type D:\Projects\ERMS\ThinkPHP\Lib\Core\Model.class.php 第 583 行.
SQL: SELECT `username` FROM `edu_users` WHERE ( `id` = '61' ) LIMIT 1   [ RunTime:0.001000s ]
NOTIC: [8] Undefined index: _type D:\Projects\ERMS\ThinkPHP\Lib\Core\Model.class.php 第 583 行.
SQL: SELECT `username` FROM `edu_users` WHERE ( `id` = '68' ) LIMIT 1   [ RunTime:0.001000s ]
NOTIC: [8] Undefined index: _type D:\Projects\ERMS\ThinkPHP\Lib\Core\Model.class.php 第 583 行.
SQL: SELECT `username` FROM `edu_users` WHERE ( `id` = '70' ) LIMIT 1   [ RunTime:0.000000s ]
NOTIC: [8] Undefined index: _type D:\Projects\ERMS\ThinkPHP\Lib\Core\Model.class.php 第 583 行.
SQL: SELECT `username` FROM `edu_users` WHERE ( `id` = '95' ) LIMIT 1   [ RunTime:0.001000s ]
SQL: select uid,count(*) num from edu_library group by uid order by num desc limit 8 [ RunTime:0.000000s ]
SQL: SHOW COLUMNS FROM `edu_users` [ RunTime:0.001000s ]
SQL: SELECT `username`,`picture` FROM `edu_users` WHERE ( `id` = 64 ) LIMIT 1   [ RunTime:0.001000s ]
SQL: SHOW COLUMNS FROM `edu_friend` [ RunTime:0.002000s ]
SQL: SELECT COUNT(*) AS tp_count FROM `edu_friend` WHERE ( uid=64 ) LIMIT 1   [ RunTime:0.001000s ]
SQL: SELECT `username`,`picture` FROM `edu_users` WHERE ( `id` = 61 ) LIMIT 1   [ RunTime:0.000000s ]
SQL: SELECT COUNT(*) AS tp_count FROM `edu_friend` WHERE ( uid=61 ) LIMIT 1   [ RunTime:0.000000s ]
SQL: SELECT `username`,`picture` FROM `edu_users` WHERE ( `id` = 70 ) LIMIT 1   [ RunTime:0.001000s ]
SQL: SELECT COUNT(*) AS tp_count FROM `edu_friend` WHERE ( uid=70 ) LIMIT 1   [ RunTime:0.001000s ]
SQL: SELECT `username`,`picture` FROM `edu_users` WHERE ( `id` = 95 ) LIMIT 1   [ RunTime:0.001000s ]
SQL: SELECT COUNT(*) AS tp_count FROM `edu_friend` WHERE ( uid=95 ) LIMIT 1   [ RunTime:0.001000s ]
SQL: SELECT `username`,`picture` FROM `edu_users` WHERE ( `id` = 67 ) LIMIT 1   [ RunTime:0.000000s ]
SQL: SELECT COUNT(*) AS tp_count FROM `edu_friend` WHERE ( uid=67 ) LIMIT 1   [ RunTime:0.001000s ]
SQL: SELECT `username`,`picture` FROM `edu_users` WHERE ( `id` = 63 ) LIMIT 1   [ RunTime:0.001000s ]
SQL: SELECT COUNT(*) AS tp_count FROM `edu_friend` WHERE ( uid=63 ) LIMIT 1   [ RunTime:0.000000s ]
SQL: SELECT `username`,`picture` FROM `edu_users` WHERE ( `id` = 68 ) LIMIT 1   [ RunTime:0.001000s ]
SQL: SELECT COUNT(*) AS tp_count FROM `edu_friend` WHERE ( uid=68 ) LIMIT 1   [ RunTime:0.001000s ]
SQL: SELECT `username`,`picture` FROM `edu_users` WHERE ( `id` = 0 ) LIMIT 1   [ RunTime:0.001000s ]
SQL: SELECT COUNT(*) AS tp_count FROM `edu_friend` WHERE ( uid=0 ) LIMIT 1   [ RunTime:0.001000s ]
SQL: SHOW COLUMNS FROM `edu_video` [ RunTime:0.001000s ]
SQL: SELECT * FROM `edu_video` ORDER BY addtime desc LIMIT 3   [ RunTime:0.001000s ]
SQL: SELECT * FROM `edu_video` WHERE ( status=2 ) ORDER BY favonum desc LIMIT 8   [ RunTime:0.001000s ]
SQL: SELECT * FROM `edu_video` WHERE ( status=2 ) ORDER BY clicknum desc LIMIT 10   [ RunTime:0.000000s ]
SQL: SHOW COLUMNS FROM `edu_cat` [ RunTime:0.001000s ]
SQL: SELECT `id`,`name` FROM `edu_cat` WHERE ( pid=0 ) LIMIT 6   [ RunTime:0.001000s ]
SQL: SELECT * FROM `edu_video` WHERE ( status=2 ) ORDER BY addtime desc LIMIT 5   [ RunTime:0.001000s ]
SQL: select nid,count(*) num from edu_zan where nid<>0 group by nid order by num desc limit 3 [ RunTime:0.001000s ]
SQL: SHOW COLUMNS FROM `edu_note` [ RunTime:0.001000s ]
ERR: 1146:Table 'erms.edu_note' doesn't exist
 [ SQL语句 ] : SHOW COLUMNS FROM `edu_note`
SQL: SELECT * FROM `edu_note` WHERE ( `id` = '23' ) LIMIT 1   [ RunTime:0.001000s ]
ERR: 1146:Table 'erms.edu_note' doesn't exist
 [ SQL语句 ] : SELECT * FROM `edu_note` WHERE ( `id` = '23' ) LIMIT 1  
SQL: SELECT `username` FROM `edu_users` LIMIT 1   [ RunTime:0.001000s ]
SQL: SHOW COLUMNS FROM `edu_video` [ RunTime:0.001000s ]
SQL: SELECT `videoname` FROM `edu_video` LIMIT 1   [ RunTime:0.001000s ]
SQL: SELECT * FROM `edu_note` WHERE ( `id` = '38' ) LIMIT 1   [ RunTime:0.001000s ]
ERR: 1146:Table 'erms.edu_note' doesn't exist
 [ SQL语句 ] : SELECT * FROM `edu_note` WHERE ( `id` = '38' ) LIMIT 1  
SQL: SELECT `username` FROM `edu_users` LIMIT 1   [ RunTime:0.000000s ]
SQL: SELECT `videoname` FROM `edu_video` LIMIT 1   [ RunTime:0.001000s ]
SQL: SELECT * FROM `edu_note` WHERE ( `id` = '39' ) LIMIT 1   [ RunTime:0.001000s ]
ERR: 1146:Table 'erms.edu_note' doesn't exist
 [ SQL语句 ] : SELECT * FROM `edu_note` WHERE ( `id` = '39' ) LIMIT 1  
SQL: SELECT `username` FROM `edu_users` LIMIT 1   [ RunTime:0.001000s ]
SQL: SELECT `videoname` FROM `edu_video` LIMIT 1   [ RunTime:0.000000s ]
SQL: select uid,count(*) num from edu_note group by uid order by num desc limit 8 [ RunTime:0.001000s ]
ERR: 1146:Table 'erms.edu_note' doesn't exist
 [ SQL语句 ] : select uid,count(*) num from edu_note group by uid order by num desc limit 8
NOTIC: [2] Invalid argument supplied for foreach() D:\Projects\ERMS\Home\Lib\Action\IndexAction.class.php 第 79 行.
SQL: SHOW COLUMNS FROM `edu_cat` [ RunTime:0.001000s ]
SQL: SELECT `id`,`name` FROM `edu_cat` WHERE ( pid!=0 )  [ RunTime:0.001000s ]
SQL: SHOW COLUMNS FROM `bbs_message` [ RunTime:0.004001s ]
SQL: SELECT `id`,`title` FROM `bbs_message` WHERE ( (`keyword` LIKE '11') OR (`keyword` LIKE '%,11') OR (`keyword` LIKE '11,%') OR (`keyword` LIKE '%,11,%') ) AND ( `status` = '1' ) ORDER BY addtime desc LIMIT 3   [ RunTime:0.001000s ]
SQL: SELECT COUNT(*) AS tp_count FROM `bbs_message` WHERE ( (`keyword` LIKE '11') OR (`keyword` LIKE '%,11') OR (`keyword` LIKE '11,%') OR (`keyword` LIKE '%,11,%') ) AND ( `status` = '1' ) LIMIT 1   [ RunTime:0.001000s ]
SQL: SELECT `id`,`title` FROM `bbs_message` WHERE ( (`keyword` LIKE '25') OR (`keyword` LIKE '%,25') OR (`keyword` LIKE '25,%') OR (`keyword` LIKE '%,25,%') ) AND ( `status` = '1' ) ORDER BY addtime desc LIMIT 3   [ RunTime:0.001000s ]
SQL: SELECT COUNT(*) AS tp_count FROM `bbs_message` WHERE ( (`keyword` LIKE '25') OR (`keyword` LIKE '%,25') OR (`keyword` LIKE '25,%') OR (`keyword` LIKE '%,25,%') ) AND ( `status` = '1' ) LIMIT 1   [ RunTime:0.001000s ]
SQL: SELECT `id`,`title` FROM `bbs_message` WHERE ( (`keyword` LIKE '27') OR (`keyword` LIKE '%,27') OR (`keyword` LIKE '27,%') OR (`keyword` LIKE '%,27,%') ) AND ( `status` = '1' ) ORDER BY addtime desc LIMIT 3   [ RunTime:0.000000s ]
SQL: SELECT COUNT(*) AS tp_count FROM `bbs_message` WHERE ( (`keyword` LIKE '27') OR (`keyword` LIKE '%,27') OR (`keyword` LIKE '27,%') OR (`keyword` LIKE '%,27,%') ) AND ( `status` = '1' ) LIMIT 1   [ RunTime:0.001000s ]
SQL: SELECT `id`,`title` FROM `bbs_message` WHERE ( (`keyword` LIKE '12') OR (`keyword` LIKE '%,12') OR (`keyword` LIKE '12,%') OR (`keyword` LIKE '%,12,%') ) AND ( `status` = '1' ) ORDER BY addtime desc LIMIT 3   [ RunTime:0.001000s ]
SQL: SELECT COUNT(*) AS tp_count FROM `bbs_message` WHERE ( (`keyword` LIKE '12') OR (`keyword` LIKE '%,12') OR (`keyword` LIKE '12,%') OR (`keyword` LIKE '%,12,%') ) AND ( `status` = '1' ) LIMIT 1   [ RunTime:0.001000s ]
SQL: SELECT `id`,`title` FROM `bbs_message` WHERE ( (`keyword` LIKE '19') OR (`keyword` LIKE '%,19') OR (`keyword` LIKE '19,%') OR (`keyword` LIKE '%,19,%') ) AND ( `status` = '1' ) ORDER BY addtime desc LIMIT 3   [ RunTime:0.000000s ]
SQL: SELECT COUNT(*) AS tp_count FROM `bbs_message` WHERE ( (`keyword` LIKE '19') OR (`keyword` LIKE '%,19') OR (`keyword` LIKE '19,%') OR (`keyword` LIKE '%,19,%') ) AND ( `status` = '1' ) LIMIT 1   [ RunTime:0.001000s ]
SQL: SELECT `id`,`title` FROM `bbs_message` WHERE ( (`keyword` LIKE '15') OR (`keyword` LIKE '%,15') OR (`keyword` LIKE '15,%') OR (`keyword` LIKE '%,15,%') ) AND ( `status` = '1' ) ORDER BY addtime desc LIMIT 3   [ RunTime:0.000000s ]
SQL: SELECT COUNT(*) AS tp_count FROM `bbs_message` WHERE ( (`keyword` LIKE '15') OR (`keyword` LIKE '%,15') OR (`keyword` LIKE '15,%') OR (`keyword` LIKE '%,15,%') ) AND ( `status` = '1' ) LIMIT 1   [ RunTime:0.001000s ]
SQL: SHOW COLUMNS FROM `bbs_question` [ RunTime:0.002000s ]
SQL: SELECT `id`,`uid`,`content` FROM `bbs_question` WHERE ( `status` = '1' ) AND ( `isbest` = '1' ) AND ( `replay` <> '' ) ORDER BY addtime desc LIMIT 6   [ RunTime:0.001000s ]
SQL: SELECT `username`,`name` FROM `edu_users` WHERE ( `id` = 65 ) LIMIT 1   [ RunTime:0.000000s ]
SQL: SELECT `username`,`name` FROM `edu_users` WHERE ( `id` = 93 ) LIMIT 1   [ RunTime:0.001000s ]
SQL: SELECT `username`,`name` FROM `edu_users` WHERE ( `id` = 76 ) LIMIT 1   [ RunTime:0.001000s ]
SQL: SELECT `username`,`name` FROM `edu_users` WHERE ( `id` = 74 ) LIMIT 1   [ RunTime:0.000000s ]
SQL: SELECT `username`,`name` FROM `edu_users` WHERE ( `id` = 71 ) LIMIT 1   [ RunTime:0.000000s ]
SQL: SELECT `username`,`name` FROM `edu_users` WHERE ( `id` = 69 ) LIMIT 1   [ RunTime:0.000000s ]
SQL: SHOW COLUMNS FROM `edu_flink` [ RunTime:0.003000s ]
SQL: SELECT * FROM `edu_flink` WHERE ( status=2 )  [ RunTime:0.000000s ]
NOTIC: [8] Undefined index: user D:\Projects\ERMS\Home\Lib\Action\IndexAction.class.php 第 132 行.
INFO: [ view_parse ] --START--
NOTIC: [8] Undefined index: user D:\Projects\ERMS\Home\Runtime\Cache\a0df498f3fa8ed5d3704c11b76d93149f0b249f5.file.index.html.php 第 145 行.
NOTIC: [8] Undefined index: user D:\Projects\ERMS\Home\Runtime\Cache\a0df498f3fa8ed5d3704c11b76d93149f0b249f5.file.index.html.php 第 204 行.
INFO: ParseTemplate Behavior ::run [ RunTime:0.027002s ]
INFO: [ view_parse ] --END-- [ RunTime:0.027002s ]
INFO: [ view_filter ] --START--
INFO: ContentReplace Behavior ::run [ RunTime:0.002000s ]
INFO: TokenBuild Behavior ::run [ RunTime:0.001000s ]
INFO: WriteHtmlCache Behavior ::run [ RunTime:0.001000s ]
INFO: ShowRuntime Behavior ::run [ RunTime:0.002000s ]
INFO: [ view_filter ] --END-- [ RunTime:0.008000s ]
INFO: [ view_end ] --START--
INFO: ShowPageTrace Behavior ::run [ RunTime:0.002000s ]
INFO: [ view_end ] --END-- [ RunTime:0.002000s ]

[ 2016-09-10T20:39:28+08:00 ] 0.0.0.0 /?XDEBUG_SESSION_START=15823
INFO: [ app_begin ] --START--
INFO: ReadHtmlCache Behavior ::run [ RunTime:0.002000s ]
INFO: [ app_begin ] --END-- [ RunTime:0.003000s ]
SQL: SHOW COLUMNS FROM `edu_clicknum` [ RunTime:0.003000s ]
SQL: SELECT * FROM `edu_clicknum` WHERE ( `id` = 1 ) LIMIT 1   [ RunTime:0.002000s ]
SQL: UPDATE `edu_clicknum` SET `clicknum`=791,`clicktime`=1473511168 WHERE ( `id` = 1 ) [ RunTime:0.004000s ]
SQL: SHOW COLUMNS FROM `edu_notice` [ RunTime:0.003000s ]
SQL: SELECT * FROM `edu_notice` ORDER BY addtime desc LIMIT 6   [ RunTime:0.002000s ]
SQL: SHOW COLUMNS FROM `edu_library` [ RunTime:0.001001s ]
SQL: SELECT * FROM `edu_library` ORDER BY addtime desc LIMIT 3   [ RunTime:0.002000s ]
NOTIC: [8] Undefined index: _type D:\Projects\ERMS\ThinkPHP\Lib\Core\Model.class.php 第 583 行.
SQL: SELECT `username` FROM `edu_users` WHERE ( `id` = '0' ) LIMIT 1   [ RunTime:0.001000s ]
NOTIC: [8] Undefined index: _type D:\Projects\ERMS\ThinkPHP\Lib\Core\Model.class.php 第 583 行.
SQL: SELECT `username` FROM `edu_users` WHERE ( `id` = '95' ) LIMIT 1   [ RunTime:0.002000s ]
NOTIC: [8] Undefined index: _type D:\Projects\ERMS\ThinkPHP\Lib\Core\Model.class.php 第 583 行.
SQL: SELECT `username` FROM `edu_users` WHERE ( `id` = '95' ) LIMIT 1   [ RunTime:0.001000s ]
SQL: SELECT * FROM `edu_library` ORDER BY dwloadnum desc LIMIT 10   [ RunTime:0.001000s ]
NOTIC: [8] Undefined index: _type D:\Projects\ERMS\ThinkPHP\Lib\Core\Model.class.php 第 583 行.
SQL: SELECT `username` FROM `edu_users` WHERE ( `id` = '70' ) LIMIT 1   [ RunTime:0.001000s ]
NOTIC: [8] Undefined index: _type D:\Projects\ERMS\ThinkPHP\Lib\Core\Model.class.php 第 583 行.
SQL: SELECT `username` FROM `edu_users` WHERE ( `id` = '67' ) LIMIT 1   [ RunTime:0.001000s ]
NOTIC: [8] Undefined index: _type D:\Projects\ERMS\ThinkPHP\Lib\Core\Model.class.php 第 583 行.
SQL: SELECT `username` FROM `edu_users` WHERE ( `id` = '64' ) LIMIT 1   [ RunTime:0.001000s ]
NOTIC: [8] Undefined index: _type D:\Projects\ERMS\ThinkPHP\Lib\Core\Model.class.php 第 583 行.
SQL: SELECT `username` FROM `edu_users` WHERE ( `id` = '64' ) LIMIT 1   [ RunTime:0.001000s ]
NOTIC: [8] Undefined index: _type D:\Projects\ERMS\ThinkPHP\Lib\Core\Model.class.php 第 583 行.
SQL: SELECT `username` FROM `edu_users` WHERE ( `id` = '63' ) LIMIT 1   [ RunTime:0.001000s ]
NOTIC: [8] Undefined index: _type D:\Projects\ERMS\ThinkPHP\Lib\Core\Model.class.php 第 583 行.
SQL: SELECT `username` FROM `edu_users` WHERE ( `id` = '61' ) LIMIT 1   [ RunTime:0.001000s ]
NOTIC: [8] Undefined index: _type D:\Projects\ERMS\ThinkPHP\Lib\Core\Model.class.php 第 583 行.
SQL: SELECT `username` FROM `edu_users` WHERE ( `id` = '61' ) LIMIT 1   [ RunTime:0.000000s ]
NOTIC: [8] Undefined index: _type D:\Projects\ERMS\ThinkPHP\Lib\Core\Model.class.php 第 583 行.
SQL: SELECT `username` FROM `edu_users` WHERE ( `id` = '68' ) LIMIT 1   [ RunTime:0.001000s ]
NOTIC: [8] Undefined index: _type D:\Projects\ERMS\ThinkPHP\Lib\Core\Model.class.php 第 583 行.
SQL: SELECT `username` FROM `edu_users` WHERE ( `id` = '70' ) LIMIT 1   [ RunTime:0.001000s ]
NOTIC: [8] Undefined index: _type D:\Projects\ERMS\ThinkPHP\Lib\Core\Model.class.php 第 583 行.
SQL: SELECT `username` FROM `edu_users` WHERE ( `id` = '95' ) LIMIT 1   [ RunTime:0.000000s ]
SQL: select uid,count(*) num from edu_library group by uid order by num desc limit 8 [ RunTime:0.004000s ]
SQL: SHOW COLUMNS FROM `edu_users` [ RunTime:0.001000s ]
SQL: SELECT `username`,`picture` FROM `edu_users` WHERE ( `id` = 70 ) LIMIT 1   [ RunTime:0.001000s ]
SQL: SHOW COLUMNS FROM `edu_friend` [ RunTime:0.003000s ]
SQL: SELECT COUNT(*) AS tp_count FROM `edu_friend` WHERE ( uid=70 ) LIMIT 1   [ RunTime:0.001000s ]
SQL: SELECT `username`,`picture` FROM `edu_users` WHERE ( `id` = 95 ) LIMIT 1   [ RunTime:0.001000s ]
SQL: SELECT COUNT(*) AS tp_count FROM `edu_friend` WHERE ( uid=95 ) LIMIT 1   [ RunTime:0.001000s ]
SQL: SELECT `username`,`picture` FROM `edu_users` WHERE ( `id` = 64 ) LIMIT 1   [ RunTime:0.001000s ]
SQL: SELECT COUNT(*) AS tp_count FROM `edu_friend` WHERE ( uid=64 ) LIMIT 1   [ RunTime:0.001000s ]
SQL: SELECT `username`,`picture` FROM `edu_users` WHERE ( `id` = 61 ) LIMIT 1   [ RunTime:0.002000s ]
SQL: SELECT COUNT(*) AS tp_count FROM `edu_friend` WHERE ( uid=61 ) LIMIT 1   [ RunTime:0.001000s ]
SQL: SELECT `username`,`picture` FROM `edu_users` WHERE ( `id` = 0 ) LIMIT 1   [ RunTime:0.001000s ]
SQL: SELECT COUNT(*) AS tp_count FROM `edu_friend` WHERE ( uid=0 ) LIMIT 1   [ RunTime:0.002000s ]
SQL: SELECT `username`,`picture` FROM `edu_users` WHERE ( `id` = 67 ) LIMIT 1   [ RunTime:0.001000s ]
SQL: SELECT COUNT(*) AS tp_count FROM `edu_friend` WHERE ( uid=67 ) LIMIT 1   [ RunTime:0.001000s ]
SQL: SELECT `username`,`picture` FROM `edu_users` WHERE ( `id` = 63 ) LIMIT 1   [ RunTime:0.001001s ]
SQL: SELECT COUNT(*) AS tp_count FROM `edu_friend` WHERE ( uid=63 ) LIMIT 1   [ RunTime:0.001000s ]
SQL: SELECT `username`,`picture` FROM `edu_users` WHERE ( `id` = 68 ) LIMIT 1   [ RunTime:0.001000s ]
SQL: SELECT COUNT(*) AS tp_count FROM `edu_friend` WHERE ( uid=68 ) LIMIT 1   [ RunTime:0.001000s ]
SQL: SHOW COLUMNS FROM `edu_video` [ RunTime:0.002000s ]
SQL: SELECT * FROM `edu_video` ORDER BY addtime desc LIMIT 3   [ RunTime:0.002000s ]
SQL: SELECT * FROM `edu_video` WHERE ( status=2 ) ORDER BY favonum desc LIMIT 8   [ RunTime:0.001000s ]
SQL: SELECT * FROM `edu_video` WHERE ( status=2 ) ORDER BY clicknum desc LIMIT 10   [ RunTime:0.001000s ]
SQL: SHOW COLUMNS FROM `edu_cat` [ RunTime:0.001000s ]
SQL: SELECT `id`,`name` FROM `edu_cat` WHERE ( pid=0 ) LIMIT 6   [ RunTime:0.001000s ]
SQL: SELECT * FROM `edu_video` WHERE ( status=2 ) ORDER BY addtime desc LIMIT 5   [ RunTime:0.000000s ]
SQL: select nid,count(*) num from edu_zan where nid<>0 group by nid order by num desc limit 3 [ RunTime:0.004000s ]
SQL: SHOW COLUMNS FROM `edu_note` [ RunTime:0.002001s ]
ERR: 1146:Table 'erms.edu_note' doesn't exist
 [ SQL语句 ] : SHOW COLUMNS FROM `edu_note`
SQL: SELECT * FROM `edu_note` WHERE ( `id` = '23' ) LIMIT 1   [ RunTime:0.000000s ]
ERR: 1146:Table 'erms.edu_note' doesn't exist
 [ SQL语句 ] : SELECT * FROM `edu_note` WHERE ( `id` = '23' ) LIMIT 1  
SQL: SELECT `username` FROM `edu_users` LIMIT 1   [ RunTime:0.000000s ]
SQL: SHOW COLUMNS FROM `edu_video` [ RunTime:0.002000s ]
SQL: SELECT `videoname` FROM `edu_video` LIMIT 1   [ RunTime:0.002000s ]
SQL: SELECT * FROM `edu_note` WHERE ( `id` = '35' ) LIMIT 1   [ RunTime:0.001000s ]
ERR: 1146:Table 'erms.edu_note' doesn't exist
 [ SQL语句 ] : SELECT * FROM `edu_note` WHERE ( `id` = '35' ) LIMIT 1  
SQL: SELECT `username` FROM `edu_users` LIMIT 1   [ RunTime:0.001000s ]
SQL: SELECT `videoname` FROM `edu_video` LIMIT 1   [ RunTime:0.001000s ]
SQL: SELECT * FROM `edu_note` WHERE ( `id` = '38' ) LIMIT 1   [ RunTime:0.001000s ]
ERR: 1146:Table 'erms.edu_note' doesn't exist
 [ SQL语句 ] : SELECT * FROM `edu_note` WHERE ( `id` = '38' ) LIMIT 1  
SQL: SELECT `username` FROM `edu_users` LIMIT 1   [ RunTime:0.001000s ]
SQL: SELECT `videoname` FROM `edu_video` LIMIT 1   [ RunTime:0.001000s ]
SQL: select uid,count(*) num from edu_note group by uid order by num desc limit 8 [ RunTime:0.001000s ]
ERR: 1146:Table 'erms.edu_note' doesn't exist
 [ SQL语句 ] : select uid,count(*) num from edu_note group by uid order by num desc limit 8
NOTIC: [2] Invalid argument supplied for foreach() D:\Projects\ERMS\Home\Lib\Action\IndexAction.class.php 第 79 行.
SQL: SHOW COLUMNS FROM `edu_cat` [ RunTime:0.002000s ]
SQL: SELECT `id`,`name` FROM `edu_cat` WHERE ( pid!=0 )  [ RunTime:0.005001s ]
SQL: SHOW COLUMNS FROM `bbs_message` [ RunTime:0.003000s ]
SQL: SELECT `id`,`title` FROM `bbs_message` WHERE ( (`keyword` LIKE '9') OR (`keyword` LIKE '%,9') OR (`keyword` LIKE '9,%') OR (`keyword` LIKE '%,9,%') ) AND ( `status` = '1' ) ORDER BY addtime desc LIMIT 3   [ RunTime:0.003000s ]
SQL: SELECT COUNT(*) AS tp_count FROM `bbs_message` WHERE ( (`keyword` LIKE '9') OR (`keyword` LIKE '%,9') OR (`keyword` LIKE '9,%') OR (`keyword` LIKE '%,9,%') ) AND ( `status` = '1' ) LIMIT 1   [ RunTime:0.001001s ]
SQL: SELECT `id`,`title` FROM `bbs_message` WHERE ( (`keyword` LIKE '19') OR (`keyword` LIKE '%,19') OR (`keyword` LIKE '19,%') OR (`keyword` LIKE '%,19,%') ) AND ( `status` = '1' ) ORDER BY addtime desc LIMIT 3   [ RunTime:0.001000s ]
SQL: SELECT COUNT(*) AS tp_count FROM `bbs_message` WHERE ( (`keyword` LIKE '19') OR (`keyword` LIKE '%,19') OR (`keyword` LIKE '19,%') OR (`keyword` LIKE '%,19,%') ) AND ( `status` = '1' ) LIMIT 1   [ RunTime:0.002000s ]
SQL: SELECT `id`,`title` FROM `bbs_message` WHERE ( (`keyword` LIKE '24') OR (`keyword` LIKE '%,24') OR (`keyword` LIKE '24,%') OR (`keyword` LIKE '%,24,%') ) AND ( `status` = '1' ) ORDER BY addtime desc LIMIT 3   [ RunTime:0.002000s ]
SQL: SELECT COUNT(*) AS tp_count FROM `bbs_message` WHERE ( (`keyword` LIKE '24') OR (`keyword` LIKE '%,24') OR (`keyword` LIKE '24,%') OR (`keyword` LIKE '%,24,%') ) AND ( `status` = '1' ) LIMIT 1   [ RunTime:0.001000s ]
SQL: SELECT `id`,`title` FROM `bbs_message` WHERE ( (`keyword` LIKE '26') OR (`keyword` LIKE '%,26') OR (`keyword` LIKE '26,%') OR (`keyword` LIKE '%,26,%') ) AND ( `status` = '1' ) ORDER BY addtime desc LIMIT 3   [ RunTime:0.001000s ]
SQL: SELECT COUNT(*) AS tp_count FROM `bbs_message` WHERE ( (`keyword` LIKE '26') OR (`keyword` LIKE '%,26') OR (`keyword` LIKE '26,%') OR (`keyword` LIKE '%,26,%') ) AND ( `status` = '1' ) LIMIT 1   [ RunTime:0.001000s ]
SQL: SELECT `id`,`title` FROM `bbs_message` WHERE ( (`keyword` LIKE '13') OR (`keyword` LIKE '%,13') OR (`keyword` LIKE '13,%') OR (`keyword` LIKE '%,13,%') ) AND ( `status` = '1' ) ORDER BY addtime desc LIMIT 3   [ RunTime:0.001000s ]
SQL: SELECT COUNT(*) AS tp_count FROM `bbs_message` WHERE ( (`keyword` LIKE '13') OR (`keyword` LIKE '%,13') OR (`keyword` LIKE '13,%') OR (`keyword` LIKE '%,13,%') ) AND ( `status` = '1' ) LIMIT 1   [ RunTime:0.001000s ]
SQL: SELECT `id`,`title` FROM `bbs_message` WHERE ( (`keyword` LIKE '27') OR (`keyword` LIKE '%,27') OR (`keyword` LIKE '27,%') OR (`keyword` LIKE '%,27,%') ) AND ( `status` = '1' ) ORDER BY addtime desc LIMIT 3   [ RunTime:0.001000s ]
SQL: SELECT COUNT(*) AS tp_count FROM `bbs_message` WHERE ( (`keyword` LIKE '27') OR (`keyword` LIKE '%,27') OR (`keyword` LIKE '27,%') OR (`keyword` LIKE '%,27,%') ) AND ( `status` = '1' ) LIMIT 1   [ RunTime:0.001000s ]
SQL: SHOW COLUMNS FROM `bbs_question` [ RunTime:0.003000s ]
SQL: SELECT `id`,`uid`,`content` FROM `bbs_question` WHERE ( `status` = '1' ) AND ( `isbest` = '1' ) AND ( `replay` <> '' ) ORDER BY addtime desc LIMIT 6   [ RunTime:0.001001s ]
SQL: SELECT `username`,`name` FROM `edu_users` WHERE ( `id` = 65 ) LIMIT 1   [ RunTime:0.001000s ]
SQL: SELECT `username`,`name` FROM `edu_users` WHERE ( `id` = 93 ) LIMIT 1   [ RunTime:0.001000s ]
SQL: SELECT `username`,`name` FROM `edu_users` WHERE ( `id` = 76 ) LIMIT 1   [ RunTime:0.001000s ]
SQL: SELECT `username`,`name` FROM `edu_users` WHERE ( `id` = 74 ) LIMIT 1   [ RunTime:0.001000s ]
SQL: SELECT `username`,`name` FROM `edu_users` WHERE ( `id` = 71 ) LIMIT 1   [ RunTime:0.000000s ]
SQL: SELECT `username`,`name` FROM `edu_users` WHERE ( `id` = 69 ) LIMIT 1   [ RunTime:0.001000s ]
SQL: SHOW COLUMNS FROM `edu_flink` [ RunTime:0.003001s ]
SQL: SELECT * FROM `edu_flink` WHERE ( status=2 )  [ RunTime:0.001000s ]
NOTIC: [8] Undefined index: user D:\Projects\ERMS\Home\Lib\Action\IndexAction.class.php 第 132 行.
INFO: [ view_parse ] --START--
NOTIC: [8] Undefined index: user D:\Projects\ERMS\Home\Runtime\Cache\a0df498f3fa8ed5d3704c11b76d93149f0b249f5.file.index.html.php 第 145 行.
NOTIC: [8] Undefined index: user D:\Projects\ERMS\Home\Runtime\Cache\a0df498f3fa8ed5d3704c11b76d93149f0b249f5.file.index.html.php 第 204 行.
INFO: ParseTemplate Behavior ::run [ RunTime:0.073004s ]
INFO: [ view_parse ] --END-- [ RunTime:0.074004s ]
INFO: [ view_filter ] --START--
INFO: ContentReplace Behavior ::run [ RunTime:0.003000s ]
INFO: TokenBuild Behavior ::run [ RunTime:0.002000s ]
INFO: WriteHtmlCache Behavior ::run [ RunTime:0.001000s ]
INFO: ShowRuntime Behavior ::run [ RunTime:0.002000s ]
INFO: [ view_filter ] --END-- [ RunTime:0.009000s ]
INFO: [ view_end ] --START--
INFO: ShowPageTrace Behavior ::run [ RunTime:0.001000s ]
INFO: [ view_end ] --END-- [ RunTime:0.002001s ]

[ 2016-09-10T21:40:12+08:00 ] 0.0.0.0 /?XDEBUG_SESSION_START=15142
INFO: [ app_begin ] --START--
INFO: ReadHtmlCache Behavior ::run [ RunTime:0.002000s ]
INFO: [ app_begin ] --END-- [ RunTime:0.002000s ]
SQL: SHOW COLUMNS FROM `edu_clicknum` [ RunTime:0.002000s ]
SQL: SELECT * FROM `edu_clicknum` WHERE ( `id` = 1 ) LIMIT 1   [ RunTime:0.001000s ]
SQL: UPDATE `edu_clicknum` SET `clicknum`=792,`clicktime`=1473514812 WHERE ( `id` = 1 ) [ RunTime:0.001000s ]
SQL: SHOW COLUMNS FROM `edu_notice` [ RunTime:0.005000s ]
SQL: SELECT * FROM `edu_notice` ORDER BY addtime desc LIMIT 6   [ RunTime:0.002000s ]
SQL: SHOW COLUMNS FROM `edu_library` [ RunTime:0.001000s ]
SQL: SELECT * FROM `edu_library` ORDER BY addtime desc LIMIT 3   [ RunTime:0.001000s ]
NOTIC: [8] Undefined index: _type D:\Projects\ERMS\ThinkPHP\Lib\Core\Model.class.php 第 583 行.
SQL: SELECT `username` FROM `edu_users` WHERE ( `id` = '0' ) LIMIT 1   [ RunTime:0.000000s ]
NOTIC: [8] Undefined index: _type D:\Projects\ERMS\ThinkPHP\Lib\Core\Model.class.php 第 583 行.
SQL: SELECT `username` FROM `edu_users` WHERE ( `id` = '95' ) LIMIT 1   [ RunTime:0.001001s ]
NOTIC: [8] Undefined index: _type D:\Projects\ERMS\ThinkPHP\Lib\Core\Model.class.php 第 583 行.
SQL: SELECT `username` FROM `edu_users` WHERE ( `id` = '95' ) LIMIT 1   [ RunTime:0.001000s ]
SQL: SELECT * FROM `edu_library` ORDER BY dwloadnum desc LIMIT 10   [ RunTime:0.001001s ]
NOTIC: [8] Undefined index: _type D:\Projects\ERMS\ThinkPHP\Lib\Core\Model.class.php 第 583 行.
SQL: SELECT `username` FROM `edu_users` WHERE ( `id` = '70' ) LIMIT 1   [ RunTime:0.001000s ]
NOTIC: [8] Undefined index: _type D:\Projects\ERMS\ThinkPHP\Lib\Core\Model.class.php 第 583 行.
SQL: SELECT `username` FROM `edu_users` WHERE ( `id` = '67' ) LIMIT 1   [ RunTime:0.001000s ]
NOTIC: [8] Undefined index: _type D:\Projects\ERMS\ThinkPHP\Lib\Core\Model.class.php 第 583 行.
SQL: SELECT `username` FROM `edu_users` WHERE ( `id` = '64' ) LIMIT 1   [ RunTime:0.001000s ]
NOTIC: [8] Undefined index: _type D:\Projects\ERMS\ThinkPHP\Lib\Core\Model.class.php 第 583 行.
SQL: SELECT `username` FROM `edu_users` WHERE ( `id` = '64' ) LIMIT 1   [ RunTime:0.000000s ]
NOTIC: [8] Undefined index: _type D:\Projects\ERMS\ThinkPHP\Lib\Core\Model.class.php 第 583 行.
SQL: SELECT `username` FROM `edu_users` WHERE ( `id` = '63' ) LIMIT 1   [ RunTime:0.002000s ]
NOTIC: [8] Undefined index: _type D:\Projects\ERMS\ThinkPHP\Lib\Core\Model.class.php 第 583 行.
SQL: SELECT `username` FROM `edu_users` WHERE ( `id` = '61' ) LIMIT 1   [ RunTime:0.001000s ]
NOTIC: [8] Undefined index: _type D:\Projects\ERMS\ThinkPHP\Lib\Core\Model.class.php 第 583 行.
SQL: SELECT `username` FROM `edu_users` WHERE ( `id` = '61' ) LIMIT 1   [ RunTime:0.001000s ]
NOTIC: [8] Undefined index: _type D:\Projects\ERMS\ThinkPHP\Lib\Core\Model.class.php 第 583 行.
SQL: SELECT `username` FROM `edu_users` WHERE ( `id` = '68' ) LIMIT 1   [ RunTime:0.001000s ]
NOTIC: [8] Undefined index: _type D:\Projects\ERMS\ThinkPHP\Lib\Core\Model.class.php 第 583 行.
SQL: SELECT `username` FROM `edu_users` WHERE ( `id` = '70' ) LIMIT 1   [ RunTime:0.000000s ]
NOTIC: [8] Undefined index: _type D:\Projects\ERMS\ThinkPHP\Lib\Core\Model.class.php 第 583 行.
SQL: SELECT `username` FROM `edu_users` WHERE ( `id` = '95' ) LIMIT 1   [ RunTime:0.000000s ]
SQL: select uid,count(*) num from edu_library group by uid order by num desc limit 8 [ RunTime:0.001000s ]
SQL: SHOW COLUMNS FROM `edu_users` [ RunTime:0.001000s ]
SQL: SELECT `username`,`picture` FROM `edu_users` WHERE ( `id` = 64 ) LIMIT 1   [ RunTime:0.000000s ]
SQL: SHOW COLUMNS FROM `edu_friend` [ RunTime:0.002000s ]
SQL: SELECT COUNT(*) AS tp_count FROM `edu_friend` WHERE ( uid=64 ) LIMIT 1   [ RunTime:0.001000s ]
SQL: SELECT `username`,`picture` FROM `edu_users` WHERE ( `id` = 61 ) LIMIT 1   [ RunTime:0.001000s ]
SQL: SELECT COUNT(*) AS tp_count FROM `edu_friend` WHERE ( uid=61 ) LIMIT 1   [ RunTime:0.001000s ]
SQL: SELECT `username`,`picture` FROM `edu_users` WHERE ( `id` = 70 ) LIMIT 1   [ RunTime:0.001001s ]
SQL: SELECT COUNT(*) AS tp_count FROM `edu_friend` WHERE ( uid=70 ) LIMIT 1   [ RunTime:0.001000s ]
SQL: SELECT `username`,`picture` FROM `edu_users` WHERE ( `id` = 95 ) LIMIT 1   [ RunTime:0.001000s ]
SQL: SELECT COUNT(*) AS tp_count FROM `edu_friend` WHERE ( uid=95 ) LIMIT 1   [ RunTime:0.000000s ]
SQL: SELECT `username`,`picture` FROM `edu_users` WHERE ( `id` = 67 ) LIMIT 1   [ RunTime:0.001000s ]
SQL: SELECT COUNT(*) AS tp_count FROM `edu_friend` WHERE ( uid=67 ) LIMIT 1   [ RunTime:0.001000s ]
SQL: SELECT `username`,`picture` FROM `edu_users` WHERE ( `id` = 63 ) LIMIT 1   [ RunTime:0.001000s ]
SQL: SELECT COUNT(*) AS tp_count FROM `edu_friend` WHERE ( uid=63 ) LIMIT 1   [ RunTime:0.000000s ]
SQL: SELECT `username`,`picture` FROM `edu_users` WHERE ( `id` = 68 ) LIMIT 1   [ RunTime:0.001000s ]
SQL: SELECT COUNT(*) AS tp_count FROM `edu_friend` WHERE ( uid=68 ) LIMIT 1   [ RunTime:0.001000s ]
SQL: SELECT `username`,`picture` FROM `edu_users` WHERE ( `id` = 0 ) LIMIT 1   [ RunTime:0.002000s ]
SQL: SELECT COUNT(*) AS tp_count FROM `edu_friend` WHERE ( uid=0 ) LIMIT 1   [ RunTime:0.001000s ]
SQL: SHOW COLUMNS FROM `edu_video` [ RunTime:0.004000s ]
SQL: SELECT * FROM `edu_video` ORDER BY addtime desc LIMIT 3   [ RunTime:0.000000s ]
SQL: SELECT * FROM `edu_video` WHERE ( status=2 ) ORDER BY favonum desc LIMIT 8   [ RunTime:0.000000s ]
SQL: SELECT * FROM `edu_video` WHERE ( status=2 ) ORDER BY clicknum desc LIMIT 10   [ RunTime:0.002000s ]
SQL: SHOW COLUMNS FROM `edu_cat` [ RunTime:0.001000s ]
SQL: SELECT `id`,`name` FROM `edu_cat` WHERE ( pid=0 ) LIMIT 6   [ RunTime:0.001000s ]
SQL: SELECT * FROM `edu_video` WHERE ( status=2 ) ORDER BY addtime desc LIMIT 5   [ RunTime:0.001000s ]
SQL: select nid,count(*) num from edu_zan where nid<>0 group by nid order by num desc limit 3 [ RunTime:0.001000s ]
SQL: SHOW COLUMNS FROM `edu_note` [ RunTime:0.001000s ]
ERR: 1146:Table 'erms.edu_note' doesn't exist
 [ SQL语句 ] : SHOW COLUMNS FROM `edu_note`
SQL: SELECT * FROM `edu_note` WHERE ( `id` = '23' ) LIMIT 1   [ RunTime:0.000000s ]
ERR: 1146:Table 'erms.edu_note' doesn't exist
 [ SQL语句 ] : SELECT * FROM `edu_note` WHERE ( `id` = '23' ) LIMIT 1  
SQL: SELECT `username` FROM `edu_users` LIMIT 1   [ RunTime:0.001000s ]
SQL: SHOW COLUMNS FROM `edu_video` [ RunTime:0.001000s ]
SQL: SELECT `videoname` FROM `edu_video` LIMIT 1   [ RunTime:0.001000s ]
SQL: SELECT * FROM `edu_note` WHERE ( `id` = '35' ) LIMIT 1   [ RunTime:0.002000s ]
ERR: 1146:Table 'erms.edu_note' doesn't exist
 [ SQL语句 ] : SELECT * FROM `edu_note` WHERE ( `id` = '35' ) LIMIT 1  
SQL: SELECT `username` FROM `edu_users` LIMIT 1   [ RunTime:0.001000s ]
SQL: SELECT `videoname` FROM `edu_video` LIMIT 1   [ RunTime:0.001000s ]
SQL: SELECT * FROM `edu_note` WHERE ( `id` = '38' ) LIMIT 1   [ RunTime:0.001000s ]
ERR: 1146:Table 'erms.edu_note' doesn't exist
 [ SQL语句 ] : SELECT * FROM `edu_note` WHERE ( `id` = '38' ) LIMIT 1  
SQL: SELECT `username` FROM `edu_users` LIMIT 1   [ RunTime:0.000000s ]
SQL: SELECT `videoname` FROM `edu_video` LIMIT 1   [ RunTime:0.001000s ]
SQL: select uid,count(*) num from edu_note group by uid order by num desc limit 8 [ RunTime:0.001000s ]
ERR: 1146:Table 'erms.edu_note' doesn't exist
 [ SQL语句 ] : select uid,count(*) num from edu_note group by uid order by num desc limit 8
NOTIC: [2] Invalid argument supplied for foreach() D:\Projects\ERMS\Home\Lib\Action\IndexAction.class.php 第 79 行.
SQL: SHOW COLUMNS FROM `edu_cat` [ RunTime:0.002000s ]
SQL: SELECT `id`,`name` FROM `edu_cat` WHERE ( pid!=0 )  [ RunTime:0.001000s ]
SQL: SHOW COLUMNS FROM `bbs_message` [ RunTime:0.002000s ]
SQL: SELECT `id`,`title` FROM `bbs_message` WHERE ( (`keyword` LIKE '25') OR (`keyword` LIKE '%,25') OR (`keyword` LIKE '25,%') OR (`keyword` LIKE '%,25,%') ) AND ( `status` = '1' ) ORDER BY addtime desc LIMIT 3   [ RunTime:0.001000s ]
SQL: SELECT COUNT(*) AS tp_count FROM `bbs_message` WHERE ( (`keyword` LIKE '25') OR (`keyword` LIKE '%,25') OR (`keyword` LIKE '25,%') OR (`keyword` LIKE '%,25,%') ) AND ( `status` = '1' ) LIMIT 1   [ RunTime:0.001000s ]
SQL: SELECT `id`,`title` FROM `bbs_message` WHERE ( (`keyword` LIKE '27') OR (`keyword` LIKE '%,27') OR (`keyword` LIKE '27,%') OR (`keyword` LIKE '%,27,%') ) AND ( `status` = '1' ) ORDER BY addtime desc LIMIT 3   [ RunTime:0.001000s ]
SQL: SELECT COUNT(*) AS tp_count FROM `bbs_message` WHERE ( (`keyword` LIKE '27') OR (`keyword` LIKE '%,27') OR (`keyword` LIKE '27,%') OR (`keyword` LIKE '%,27,%') ) AND ( `status` = '1' ) LIMIT 1   [ RunTime:0.000000s ]
SQL: SELECT `id`,`title` FROM `bbs_message` WHERE ( (`keyword` LIKE '23') OR (`keyword` LIKE '%,23') OR (`keyword` LIKE '23,%') OR (`keyword` LIKE '%,23,%') ) AND ( `status` = '1' ) ORDER BY addtime desc LIMIT 3   [ RunTime:0.000000s ]
SQL: SELECT COUNT(*) AS tp_count FROM `bbs_message` WHERE ( (`keyword` LIKE '23') OR (`keyword` LIKE '%,23') OR (`keyword` LIKE '23,%') OR (`keyword` LIKE '%,23,%') ) AND ( `status` = '1' ) LIMIT 1   [ RunTime:0.001000s ]
SQL: SELECT `id`,`title` FROM `bbs_message` WHERE ( (`keyword` LIKE '28') OR (`keyword` LIKE '%,28') OR (`keyword` LIKE '28,%') OR (`keyword` LIKE '%,28,%') ) AND ( `status` = '1' ) ORDER BY addtime desc LIMIT 3   [ RunTime:0.001000s ]
SQL: SELECT COUNT(*) AS tp_count FROM `bbs_message` WHERE ( (`keyword` LIKE '28') OR (`keyword` LIKE '%,28') OR (`keyword` LIKE '28,%') OR (`keyword` LIKE '%,28,%') ) AND ( `status` = '1' ) LIMIT 1   [ RunTime:0.000000s ]
SQL: SELECT `id`,`title` FROM `bbs_message` WHERE ( (`keyword` LIKE '13') OR (`keyword` LIKE '%,13') OR (`keyword` LIKE '13,%') OR (`keyword` LIKE '%,13,%') ) AND ( `status` = '1' ) ORDER BY addtime desc LIMIT 3   [ RunTime:0.001000s ]
SQL: SELECT COUNT(*) AS tp_count FROM `bbs_message` WHERE ( (`keyword` LIKE '13') OR (`keyword` LIKE '%,13') OR (`keyword` LIKE '13,%') OR (`keyword` LIKE '%,13,%') ) AND ( `status` = '1' ) LIMIT 1   [ RunTime:0.000000s ]
SQL: SELECT `id`,`title` FROM `bbs_message` WHERE ( (`keyword` LIKE '31') OR (`keyword` LIKE '%,31') OR (`keyword` LIKE '31,%') OR (`keyword` LIKE '%,31,%') ) AND ( `status` = '1' ) ORDER BY addtime desc LIMIT 3   [ RunTime:0.000000s ]
SQL: SELECT COUNT(*) AS tp_count FROM `bbs_message` WHERE ( (`keyword` LIKE '31') OR (`keyword` LIKE '%,31') OR (`keyword` LIKE '31,%') OR (`keyword` LIKE '%,31,%') ) AND ( `status` = '1' ) LIMIT 1   [ RunTime:0.000000s ]
SQL: SHOW COLUMNS FROM `bbs_question` [ RunTime:0.004000s ]
SQL: SELECT `id`,`uid`,`content` FROM `bbs_question` WHERE ( `status` = '1' ) AND ( `isbest` = '1' ) AND ( `replay` <> '' ) ORDER BY addtime desc LIMIT 6   [ RunTime:0.001000s ]
SQL: SELECT `username`,`name` FROM `edu_users` WHERE ( `id` = 65 ) LIMIT 1   [ RunTime:0.000000s ]
SQL: SELECT `username`,`name` FROM `edu_users` WHERE ( `id` = 93 ) LIMIT 1   [ RunTime:0.000000s ]
SQL: SELECT `username`,`name` FROM `edu_users` WHERE ( `id` = 76 ) LIMIT 1   [ RunTime:0.000000s ]
SQL: SELECT `username`,`name` FROM `edu_users` WHERE ( `id` = 74 ) LIMIT 1   [ RunTime:0.000000s ]
SQL: SELECT `username`,`name` FROM `edu_users` WHERE ( `id` = 71 ) LIMIT 1   [ RunTime:0.001000s ]
SQL: SELECT `username`,`name` FROM `edu_users` WHERE ( `id` = 69 ) LIMIT 1   [ RunTime:0.000000s ]
SQL: SHOW COLUMNS FROM `edu_flink` [ RunTime:0.002000s ]
SQL: SELECT * FROM `edu_flink` WHERE ( status=2 )  [ RunTime:0.001000s ]
NOTIC: [8] Undefined index: user D:\Projects\ERMS\Home\Lib\Action\IndexAction.class.php 第 132 行.
INFO: [ view_parse ] --START--
NOTIC: [8] Undefined index: user D:\Projects\ERMS\Home\Runtime\Cache\a0df498f3fa8ed5d3704c11b76d93149f0b249f5.file.index.html.php 第 145 行.
NOTIC: [8] Undefined index: user D:\Projects\ERMS\Home\Runtime\Cache\a0df498f3fa8ed5d3704c11b76d93149f0b249f5.file.index.html.php 第 204 行.
INFO: ParseTemplate Behavior ::run [ RunTime:0.058003s ]
INFO: [ view_parse ] --END-- [ RunTime:0.059004s ]
INFO: [ view_filter ] --START--
INFO: ContentReplace Behavior ::run [ RunTime:0.002000s ]
INFO: TokenBuild Behavior ::run [ RunTime:0.001000s ]
INFO: WriteHtmlCache Behavior ::run [ RunTime:0.000000s ]
INFO: ShowRuntime Behavior ::run [ RunTime:0.001000s ]
INFO: [ view_filter ] --END-- [ RunTime:0.007000s ]
INFO: [ view_end ] --START--
INFO: ShowPageTrace Behavior ::run [ RunTime:0.001000s ]
INFO: [ view_end ] --END-- [ RunTime:0.002000s ]

